
*** Running vivado
    with args -log LC3Zybo_top.vds -m64 -product Vivado -mode batch -messageDb vivado.pb -notrace -source LC3Zybo_top.tcl


****** Vivado v2018.2 (64-bit)
  **** SW Build 2258646 on Thu Jun 14 20:03:12 MDT 2018
  **** IP Build 2256618 on Thu Jun 14 22:10:49 MDT 2018
    ** Copyright 1986-2018 Xilinx, Inc. All Rights Reserved.

source LC3Zybo_top.tcl -notrace
Command: synth_design -top LC3Zybo_top -part xc7z010clg400-1
Starting synth_design
Attempting to get a license for feature 'Synthesis' and/or device 'xc7z010'
INFO: [Common 17-349] Got license for feature 'Synthesis' and/or device 'xc7z010'
INFO: Launching helper process for spawning children vivado processes
INFO: Helper process launched with PID 11068 
---------------------------------------------------------------------------------
Starting RTL Elaboration : Time (s): cpu = 00:00:02 ; elapsed = 00:00:03 . Memory (MB): peak = 365.867 ; gain = 97.086
---------------------------------------------------------------------------------
INFO: [Synth 8-638] synthesizing module 'LC3Zybo_top' [C:/3_ugers_projekt/LC3_Computer/LC3_Computer.srcs/sources_1/imports/LC3ZyboV2/top.vhd:26]
INFO: [Synth 8-638] synthesizing module 'student_code' [C:/3_ugers_projekt/LC3_Computer/LC3_Computer.srcs/sources_1/imports/LC3ZyboV2/student_code.vhd:38]
INFO: [Synth 8-638] synthesizing module 'lc3_computer' [C:/3_ugers_projekt/LC3_Computer/LC3_Computer.srcs/sources_1/imports/LC3ZyboV2/lc3_computer.vhd:56]
INFO: [Synth 8-638] synthesizing module 'lc3_wrapper_multiplexers' [C:/3_ugers_projekt/LC3_Computer/LC3_Computer.srcs/sources_1/imports/LC3ZyboV2/lc3_wrapper_multiplexers.vhd:24]
INFO: [Synth 8-637] synthesizing blackbox instance 'lc3_1' of component 'lc3' [C:/3_ugers_projekt/LC3_Computer/LC3_Computer.srcs/sources_1/imports/LC3ZyboV2/lc3_wrapper_multiplexers.vhd:43]
INFO: [Synth 8-256] done synthesizing module 'lc3_wrapper_multiplexers' (1#1) [C:/3_ugers_projekt/LC3_Computer/LC3_Computer.srcs/sources_1/imports/LC3ZyboV2/lc3_wrapper_multiplexers.vhd:24]
INFO: [Synth 8-256] done synthesizing module 'lc3_computer' (2#1) [C:/3_ugers_projekt/LC3_Computer/LC3_Computer.srcs/sources_1/imports/LC3ZyboV2/lc3_computer.vhd:56]
INFO: [Synth 8-638] synthesizing module 'lc3_debug' [C:/3_ugers_projekt/LC3_Computer/LC3_Computer.srcs/sources_1/imports/LC3ZyboV2/lc3_debug.vhd:29]
INFO: [Synth 8-638] synthesizing module 'BtnToggle' [C:/3_ugers_projekt/LC3_Computer/LC3_Computer.srcs/sources_1/imports/LC3ZyboV2/BtnToggle.vhd:24]
INFO: [Synth 8-256] done synthesizing module 'BtnToggle' (3#1) [C:/3_ugers_projekt/LC3_Computer/LC3_Computer.srcs/sources_1/imports/LC3ZyboV2/BtnToggle.vhd:24]
INFO: [Synth 8-638] synthesizing module 'debounce' [C:/3_ugers_projekt/LC3_Computer/LC3_Computer.srcs/sources_1/imports/LC3ZyboV2/debounce.vhd:18]
INFO: [Synth 8-256] done synthesizing module 'debounce' (4#1) [C:/3_ugers_projekt/LC3_Computer/LC3_Computer.srcs/sources_1/imports/LC3ZyboV2/debounce.vhd:18]
INFO: [Synth 8-256] done synthesizing module 'lc3_debug' (5#1) [C:/3_ugers_projekt/LC3_Computer/LC3_Computer.srcs/sources_1/imports/LC3ZyboV2/lc3_debug.vhd:29]
INFO: [Synth 8-256] done synthesizing module 'student_code' (6#1) [C:/3_ugers_projekt/LC3_Computer/LC3_Computer.srcs/sources_1/imports/LC3ZyboV2/student_code.vhd:38]
INFO: [Synth 8-638] synthesizing module 'zyboviose_wrapper' [C:/3_ugers_projekt/LC3_Computer/LC3_Computer.srcs/sources_1/imports/LC3ZyboV2/zybovios_wrapper.vhd:32]
INFO: [Synth 8-637] synthesizing blackbox instance 'Inst_ZyboVIO_SE' of component 'ZyboVIO_SE' [C:/3_ugers_projekt/LC3_Computer/LC3_Computer.srcs/sources_1/imports/LC3ZyboV2/zybovios_wrapper.vhd:58]
INFO: [Synth 8-256] done synthesizing module 'zyboviose_wrapper' (7#1) [C:/3_ugers_projekt/LC3_Computer/LC3_Computer.srcs/sources_1/imports/LC3ZyboV2/zybovios_wrapper.vhd:32]
INFO: [Synth 8-256] done synthesizing module 'LC3Zybo_top' (8#1) [C:/3_ugers_projekt/LC3_Computer/LC3_Computer.srcs/sources_1/imports/LC3ZyboV2/top.vhd:26]
---------------------------------------------------------------------------------
Finished RTL Elaboration : Time (s): cpu = 00:00:04 ; elapsed = 00:00:05 . Memory (MB): peak = 455.695 ; gain = 186.914
---------------------------------------------------------------------------------

Report Check Netlist: 
+------+------------------+-------+---------+-------+------------------+
|      |Item              |Errors |Warnings |Status |Description       |
+------+------------------+-------+---------+-------+------------------+
|1     |multi_driven_nets |      0|        0|Passed |Multi driven nets |
+------+------------------+-------+---------+-------+------------------+
---------------------------------------------------------------------------------
Start Handling Custom Attributes
---------------------------------------------------------------------------------
---------------------------------------------------------------------------------
Finished Handling Custom Attributes : Time (s): cpu = 00:00:04 ; elapsed = 00:00:06 . Memory (MB): peak = 455.695 ; gain = 186.914
---------------------------------------------------------------------------------
---------------------------------------------------------------------------------
Finished RTL Optimization Phase 1 : Time (s): cpu = 00:00:04 ; elapsed = 00:00:06 . Memory (MB): peak = 455.695 ; gain = 186.914
---------------------------------------------------------------------------------
INFO: [Device 21-403] Loading part xc7z010clg400-1
INFO: [Project 1-570] Preparing netlist for logic optimization

Processing XDC Constraints
Initializing timing engine
Parsing XDC File [C:/3_ugers_projekt/LC3_Computer/LC3_Computer.srcs/constrs_1/imports/LC3ZyboV2/ZyboVIO.xdc]
WARNING: [Vivado 12-584] No ports matched 'tx_rd'. [C:/3_ugers_projekt/LC3_Computer/LC3_Computer.srcs/constrs_1/imports/LC3ZyboV2/ZyboVIO.xdc:32]
WARNING: [Vivado 12-584] No ports matched 'rx_rd'. [C:/3_ugers_projekt/LC3_Computer/LC3_Computer.srcs/constrs_1/imports/LC3ZyboV2/ZyboVIO.xdc:33]
Finished Parsing XDC File [C:/3_ugers_projekt/LC3_Computer/LC3_Computer.srcs/constrs_1/imports/LC3ZyboV2/ZyboVIO.xdc]
WARNING: [Project 1-498] One or more constraints failed evaluation while reading constraint file [C:/3_ugers_projekt/LC3_Computer/LC3_Computer.srcs/constrs_1/imports/LC3ZyboV2/ZyboVIO.xdc] and the design contains unresolved black boxes. These constraints will be read post-synthesis (as long as their source constraint file is marked as used_in_implementation) and should be applied correctly then. You should review the constraints listed in the file [.Xil/LC3Zybo_top_propImpl.xdc] and check the run log file to verify that these constraints were correctly applied.
INFO: [Project 1-236] Implementation specific constraints were found while reading constraint file [C:/3_ugers_projekt/LC3_Computer/LC3_Computer.srcs/constrs_1/imports/LC3ZyboV2/ZyboVIO.xdc]. These constraints will be ignored for synthesis but will be used in implementation. Impacted constraints are listed in the file [.Xil/LC3Zybo_top_propImpl.xdc].
Resolution: To avoid this warning, move constraints listed in [.Xil/LC3Zybo_top_propImpl.xdc] to another XDC file and exclude this new file from synthesis with the used_in_synthesis property (File Properties dialog in GUI) and re-run elaboration/synthesis.
Completed Processing XDC Constraints

INFO: [Project 1-111] Unisim Transformation Summary:
No Unisim elements were transformed.

Constraint Validation Runtime : Time (s): cpu = 00:00:00 ; elapsed = 00:00:00.002 . Memory (MB): peak = 776.656 ; gain = 0.000
---------------------------------------------------------------------------------
Finished Constraint Validation : Time (s): cpu = 00:00:13 ; elapsed = 00:00:18 . Memory (MB): peak = 776.656 ; gain = 507.875
---------------------------------------------------------------------------------
---------------------------------------------------------------------------------
Start Loading Part and Timing Information
---------------------------------------------------------------------------------
Loading part: xc7z010clg400-1
---------------------------------------------------------------------------------
Finished Loading Part and Timing Information : Time (s): cpu = 00:00:13 ; elapsed = 00:00:18 . Memory (MB): peak = 776.656 ; gain = 507.875
---------------------------------------------------------------------------------
---------------------------------------------------------------------------------
Start Applying 'set_property' XDC Constraints
---------------------------------------------------------------------------------
---------------------------------------------------------------------------------
Finished applying 'set_property' XDC Constraints : Time (s): cpu = 00:00:13 ; elapsed = 00:00:18 . Memory (MB): peak = 776.656 ; gain = 507.875
---------------------------------------------------------------------------------
INFO: [Synth 8-5546] ROM "ram" won't be mapped to RAM because it is too sparse
INFO: [Synth 8-5546] ROM "hex" won't be mapped to RAM because it is too sparse
INFO: [Synth 8-5546] ROM "led" won't be mapped to RAM because it is too sparse
INFO: [Synth 8-5546] ROM "pled" won't be mapped to RAM because it is too sparse
INFO: [Synth 8-5546] ROM "tx_data" won't be mapped to RAM because it is too sparse
INFO: [Synth 8-802] inferred FSM for state register 'state_reg_reg' in module 'debounce'
INFO: [Synth 8-5546] ROM "tick" won't be mapped to RAM because it is too sparse
INFO: [Synth 8-5544] ROM "output" won't be mapped to Block RAM because address size (2) smaller than threshold (5)
INFO: [Synth 8-5544] ROM "state_next" won't be mapped to Block RAM because address size (1) smaller than threshold (5)
INFO: [Synth 8-5544] ROM "state_next" won't be mapped to Block RAM because address size (1) smaller than threshold (5)
INFO: [Synth 8-6430] The Block RAM ram_reg may get memory collision error if read and write address collide. Use attribute (* rw_addr_collision= "yes" *) to avoid collision 
---------------------------------------------------------------------------------------------------
                   State |                     New Encoding |                Previous Encoding 
---------------------------------------------------------------------------------------------------
                    zero |                               00 |                               00
                   wait1 |                               01 |                               11
                     one |                               10 |                               10
                   wait0 |                               11 |                               01
---------------------------------------------------------------------------------------------------
INFO: [Synth 8-3354] encoded FSM with state register 'state_reg_reg' using encoding 'sequential' in module 'debounce'
---------------------------------------------------------------------------------
Finished RTL Optimization Phase 2 : Time (s): cpu = 00:00:13 ; elapsed = 00:00:19 . Memory (MB): peak = 776.656 ; gain = 507.875
---------------------------------------------------------------------------------

Report RTL Partitions: 
+-+--------------+------------+----------+
| |RTL Partition |Replication |Instances |
+-+--------------+------------+----------+
+-+--------------+------------+----------+
---------------------------------------------------------------------------------
Start RTL Component Statistics 
---------------------------------------------------------------------------------
Detailed RTL Component Info : 
+---Adders : 
	   2 Input     30 Bit       Adders := 1     
	   2 Input     21 Bit       Adders := 10    
+---Registers : 
	               30 Bit    Registers := 1     
	               21 Bit    Registers := 10    
	               16 Bit    Registers := 3     
	                8 Bit    Registers := 2     
	                3 Bit    Registers := 1     
	                1 Bit    Registers := 2     
+---RAMs : 
	            1024K Bit         RAMs := 1     
+---Muxes : 
	   2 Input     21 Bit        Muxes := 40    
	   4 Input     21 Bit        Muxes := 10    
	   8 Input     16 Bit        Muxes := 1     
	   2 Input     16 Bit        Muxes := 4     
	   2 Input      5 Bit        Muxes := 1     
	   2 Input      4 Bit        Muxes := 1     
	   4 Input      2 Bit        Muxes := 10    
	   2 Input      2 Bit        Muxes := 30    
	   2 Input      1 Bit        Muxes := 36    
	   5 Input      1 Bit        Muxes := 5     
	   4 Input      1 Bit        Muxes := 20    
---------------------------------------------------------------------------------
Finished RTL Component Statistics 
---------------------------------------------------------------------------------
---------------------------------------------------------------------------------
Start RTL Hierarchical Component Statistics 
---------------------------------------------------------------------------------
Hierarchical RTL Component report 
Module lc3_computer 
Detailed RTL Component Info : 
+---Registers : 
	               16 Bit    Registers := 3     
	                8 Bit    Registers := 2     
	                3 Bit    Registers := 1     
+---RAMs : 
	            1024K Bit         RAMs := 1     
+---Muxes : 
	   8 Input     16 Bit        Muxes := 1     
	   2 Input     16 Bit        Muxes := 2     
	   2 Input      1 Bit        Muxes := 5     
	   5 Input      1 Bit        Muxes := 5     
Module BtnToggle 
Detailed RTL Component Info : 
+---Adders : 
	   2 Input     30 Bit       Adders := 1     
+---Registers : 
	               30 Bit    Registers := 1     
	                1 Bit    Registers := 1     
Module debounce 
Detailed RTL Component Info : 
+---Adders : 
	   2 Input     21 Bit       Adders := 1     
+---Registers : 
	               21 Bit    Registers := 1     
+---Muxes : 
	   2 Input     21 Bit        Muxes := 4     
	   4 Input     21 Bit        Muxes := 1     
	   4 Input      2 Bit        Muxes := 1     
	   2 Input      2 Bit        Muxes := 3     
	   2 Input      1 Bit        Muxes := 3     
	   4 Input      1 Bit        Muxes := 2     
Module lc3_debug 
Detailed RTL Component Info : 
+---Registers : 
	                1 Bit    Registers := 1     
+---Muxes : 
	   2 Input     16 Bit        Muxes := 2     
	   2 Input      5 Bit        Muxes := 1     
	   2 Input      4 Bit        Muxes := 1     
	   2 Input      1 Bit        Muxes := 1     
---------------------------------------------------------------------------------
Finished RTL Hierarchical Component Statistics
---------------------------------------------------------------------------------
---------------------------------------------------------------------------------
Start Part Resource Summary
---------------------------------------------------------------------------------
Part Resources:
DSPs: 80 (col length:40)
BRAMs: 120 (col length: RAMB18 40 RAMB36 20)
---------------------------------------------------------------------------------
Finished Part Resource Summary
---------------------------------------------------------------------------------
---------------------------------------------------------------------------------
Start Cross Boundary and Area Optimization
---------------------------------------------------------------------------------
Warning: Parallel synthesis criteria is not met 
INFO: [Synth 8-5546] ROM "lc3_debug_1/sys_halt_db/tick" won't be mapped to RAM because it is too sparse
INFO: [Synth 8-5546] ROM "lc3_debug_1/hand_clk_db/tick" won't be mapped to RAM because it is too sparse
INFO: [Synth 8-5546] ROM "tick" won't be mapped to RAM because it is too sparse
INFO: [Synth 8-5546] ROM "tick" won't be mapped to RAM because it is too sparse
INFO: [Synth 8-5546] ROM "tick" won't be mapped to RAM because it is too sparse
INFO: [Synth 8-5546] ROM "tick" won't be mapped to RAM because it is too sparse
INFO: [Synth 8-5546] ROM "tick" won't be mapped to RAM because it is too sparse
INFO: [Synth 8-5546] ROM "tick" won't be mapped to RAM because it is too sparse
INFO: [Synth 8-5546] ROM "tick" won't be mapped to RAM because it is too sparse
INFO: [Synth 8-5546] ROM "tick" won't be mapped to RAM because it is too sparse
RAM Pipeline Warning: Read Address Register Found For RAM Inst_student_code/Inst_lc3_computer/ram_reg. We will not be able to pipeline it. This may degrade performance. 
CRITICAL WARNING: [Synth 8-3352] multi-driven net rx_rd with 1st driver pin 'Inst_student_code/Inst_lc3_computer/rx_rd0_inferred/rx_rd_reg' [C:/3_ugers_projekt/LC3_Computer/LC3_Computer.srcs/sources_1/imports/LC3ZyboV2/lc3_computer.vhd:389]
CRITICAL WARNING: [Synth 8-3352] multi-driven net rx_rd with 2nd driver pin 'GND' [C:/3_ugers_projekt/LC3_Computer/LC3_Computer.srcs/sources_1/imports/LC3ZyboV2/lc3_computer.vhd:389]
CRITICAL WARNING: [Synth 8-5559] multi-driven net rx_rd is connected to constant driver, other driver is ignored [C:/3_ugers_projekt/LC3_Computer/LC3_Computer.srcs/sources_1/imports/LC3ZyboV2/lc3_computer.vhd:389]
WARNING: [Synth 8-3332] Sequential element (Inst_student_code/Inst_lc3_computer/tx_data_reg[7]) is unused and will be removed from module LC3Zybo_top.
CRITICAL WARNING: [Synth 8-3352] multi-driven net tx_data[7] with 1st driver pin 'Inst_student_code/Inst_lc3_computer/tx_data_reg[7]/Q' [C:/3_ugers_projekt/LC3_Computer/LC3_Computer.srcs/sources_1/imports/LC3ZyboV2/lc3_computer.vhd:317]
CRITICAL WARNING: [Synth 8-3352] multi-driven net tx_data[7] with 2nd driver pin 'GND' [C:/3_ugers_projekt/LC3_Computer/LC3_Computer.srcs/sources_1/imports/LC3ZyboV2/lc3_computer.vhd:317]
CRITICAL WARNING: [Synth 8-5559] multi-driven net tx_data[7] is connected to constant driver, other driver is ignored [C:/3_ugers_projekt/LC3_Computer/LC3_Computer.srcs/sources_1/imports/LC3ZyboV2/lc3_computer.vhd:317]
WARNING: [Synth 8-3332] Sequential element (Inst_student_code/Inst_lc3_computer/tx_data_reg[6]) is unused and will be removed from module LC3Zybo_top.
CRITICAL WARNING: [Synth 8-3352] multi-driven net tx_data[6] with 1st driver pin 'Inst_student_code/Inst_lc3_computer/tx_data_reg[6]/Q' [C:/3_ugers_projekt/LC3_Computer/LC3_Computer.srcs/sources_1/imports/LC3ZyboV2/lc3_computer.vhd:317]
CRITICAL WARNING: [Synth 8-3352] multi-driven net tx_data[6] with 2nd driver pin 'GND' [C:/3_ugers_projekt/LC3_Computer/LC3_Computer.srcs/sources_1/imports/LC3ZyboV2/lc3_computer.vhd:317]
CRITICAL WARNING: [Synth 8-5559] multi-driven net tx_data[6] is connected to constant driver, other driver is ignored [C:/3_ugers_projekt/LC3_Computer/LC3_Computer.srcs/sources_1/imports/LC3ZyboV2/lc3_computer.vhd:317]
WARNING: [Synth 8-3332] Sequential element (Inst_student_code/Inst_lc3_computer/tx_data_reg[5]) is unused and will be removed from module LC3Zybo_top.
CRITICAL WARNING: [Synth 8-3352] multi-driven net tx_data[5] with 1st driver pin 'Inst_student_code/Inst_lc3_computer/tx_data_reg[5]/Q' [C:/3_ugers_projekt/LC3_Computer/LC3_Computer.srcs/sources_1/imports/LC3ZyboV2/lc3_computer.vhd:317]
CRITICAL WARNING: [Synth 8-3352] multi-driven net tx_data[5] with 2nd driver pin 'GND' [C:/3_ugers_projekt/LC3_Computer/LC3_Computer.srcs/sources_1/imports/LC3ZyboV2/lc3_computer.vhd:317]
CRITICAL WARNING: [Synth 8-5559] multi-driven net tx_data[5] is connected to constant driver, other driver is ignored [C:/3_ugers_projekt/LC3_Computer/LC3_Computer.srcs/sources_1/imports/LC3ZyboV2/lc3_computer.vhd:317]
WARNING: [Synth 8-3332] Sequential element (Inst_student_code/Inst_lc3_computer/tx_data_reg[4]) is unused and will be removed from module LC3Zybo_top.
CRITICAL WARNING: [Synth 8-3352] multi-driven net tx_data[4] with 1st driver pin 'Inst_student_code/Inst_lc3_computer/tx_data_reg[4]/Q' [C:/3_ugers_projekt/LC3_Computer/LC3_Computer.srcs/sources_1/imports/LC3ZyboV2/lc3_computer.vhd:317]
CRITICAL WARNING: [Synth 8-3352] multi-driven net tx_data[4] with 2nd driver pin 'GND' [C:/3_ugers_projekt/LC3_Computer/LC3_Computer.srcs/sources_1/imports/LC3ZyboV2/lc3_computer.vhd:317]
CRITICAL WARNING: [Synth 8-5559] multi-driven net tx_data[4] is connected to constant driver, other driver is ignored [C:/3_ugers_projekt/LC3_Computer/LC3_Computer.srcs/sources_1/imports/LC3ZyboV2/lc3_computer.vhd:317]
WARNING: [Synth 8-3332] Sequential element (Inst_student_code/Inst_lc3_computer/tx_data_reg[3]) is unused and will be removed from module LC3Zybo_top.
CRITICAL WARNING: [Synth 8-3352] multi-driven net tx_data[3] with 1st driver pin 'Inst_student_code/Inst_lc3_computer/tx_data_reg[3]/Q' [C:/3_ugers_projekt/LC3_Computer/LC3_Computer.srcs/sources_1/imports/LC3ZyboV2/lc3_computer.vhd:317]
CRITICAL WARNING: [Synth 8-3352] multi-driven net tx_data[3] with 2nd driver pin 'GND' [C:/3_ugers_projekt/LC3_Computer/LC3_Computer.srcs/sources_1/imports/LC3ZyboV2/lc3_computer.vhd:317]
CRITICAL WARNING: [Synth 8-5559] multi-driven net tx_data[3] is connected to constant driver, other driver is ignored [C:/3_ugers_projekt/LC3_Computer/LC3_Computer.srcs/sources_1/imports/LC3ZyboV2/lc3_computer.vhd:317]
WARNING: [Synth 8-3332] Sequential element (Inst_student_code/Inst_lc3_computer/tx_data_reg[2]) is unused and will be removed from module LC3Zybo_top.
CRITICAL WARNING: [Synth 8-3352] multi-driven net tx_data[2] with 1st driver pin 'Inst_student_code/Inst_lc3_computer/tx_data_reg[2]/Q' [C:/3_ugers_projekt/LC3_Computer/LC3_Computer.srcs/sources_1/imports/LC3ZyboV2/lc3_computer.vhd:317]
CRITICAL WARNING: [Synth 8-3352] multi-driven net tx_data[2] with 2nd driver pin 'GND' [C:/3_ugers_projekt/LC3_Computer/LC3_Computer.srcs/sources_1/imports/LC3ZyboV2/lc3_computer.vhd:317]
CRITICAL WARNING: [Synth 8-5559] multi-driven net tx_data[2] is connected to constant driver, other driver is ignored [C:/3_ugers_projekt/LC3_Computer/LC3_Computer.srcs/sources_1/imports/LC3ZyboV2/lc3_computer.vhd:317]
WARNING: [Synth 8-3332] Sequential element (Inst_student_code/Inst_lc3_computer/tx_data_reg[1]) is unused and will be removed from module LC3Zybo_top.
CRITICAL WARNING: [Synth 8-3352] multi-driven net tx_data[1] with 1st driver pin 'Inst_student_code/Inst_lc3_computer/tx_data_reg[1]/Q' [C:/3_ugers_projekt/LC3_Computer/LC3_Computer.srcs/sources_1/imports/LC3ZyboV2/lc3_computer.vhd:317]
CRITICAL WARNING: [Synth 8-3352] multi-driven net tx_data[1] with 2nd driver pin 'GND' [C:/3_ugers_projekt/LC3_Computer/LC3_Computer.srcs/sources_1/imports/LC3ZyboV2/lc3_computer.vhd:317]
CRITICAL WARNING: [Synth 8-5559] multi-driven net tx_data[1] is connected to constant driver, other driver is ignored [C:/3_ugers_projekt/LC3_Computer/LC3_Computer.srcs/sources_1/imports/LC3ZyboV2/lc3_computer.vhd:317]
WARNING: [Synth 8-3332] Sequential element (Inst_student_code/Inst_lc3_computer/tx_data_reg[0]) is unused and will be removed from module LC3Zybo_top.
CRITICAL WARNING: [Synth 8-3352] multi-driven net tx_data[0] with 1st driver pin 'Inst_student_code/Inst_lc3_computer/tx_data_reg[0]/Q' [C:/3_ugers_projekt/LC3_Computer/LC3_Computer.srcs/sources_1/imports/LC3ZyboV2/lc3_computer.vhd:317]
CRITICAL WARNING: [Synth 8-3352] multi-driven net tx_data[0] with 2nd driver pin 'GND' [C:/3_ugers_projekt/LC3_Computer/LC3_Computer.srcs/sources_1/imports/LC3ZyboV2/lc3_computer.vhd:317]
CRITICAL WARNING: [Synth 8-5559] multi-driven net tx_data[0] is connected to constant driver, other driver is ignored [C:/3_ugers_projekt/LC3_Computer/LC3_Computer.srcs/sources_1/imports/LC3ZyboV2/lc3_computer.vhd:317]
CRITICAL WARNING: [Synth 8-3352] multi-driven net tx_wr with 1st driver pin 'Inst_student_code/Inst_lc3_computer/tx_wr0_inferred/tx_wr_reg' [C:/3_ugers_projekt/LC3_Computer/LC3_Computer.srcs/sources_1/imports/LC3ZyboV2/lc3_computer.vhd:391]
CRITICAL WARNING: [Synth 8-3352] multi-driven net tx_wr with 2nd driver pin 'GND' [C:/3_ugers_projekt/LC3_Computer/LC3_Computer.srcs/sources_1/imports/LC3ZyboV2/lc3_computer.vhd:391]
CRITICAL WARNING: [Synth 8-5559] multi-driven net tx_wr is connected to constant driver, other driver is ignored [C:/3_ugers_projekt/LC3_Computer/LC3_Computer.srcs/sources_1/imports/LC3ZyboV2/lc3_computer.vhd:391]
---------------------------------------------------------------------------------
Finished Cross Boundary and Area Optimization : Time (s): cpu = 00:00:17 ; elapsed = 00:00:23 . Memory (MB): peak = 776.656 ; gain = 507.875
---------------------------------------------------------------------------------
---------------------------------------------------------------------------------
Start ROM, RAM, DSP and Shift Register Reporting
---------------------------------------------------------------------------------

Block RAM: Preliminary Mapping  Report (see note below)
+--------------+------------+------------------------+---+---+------------------------+---+---+------------------+--------+--------+
|Module Name   | RTL Object | PORT A (Depth x Width) | W | R | PORT B (Depth x Width) | W | R | Ports driving FF | RAMB18 | RAMB36 | 
+--------------+------------+------------------------+---+---+------------------------+---+---+------------------+--------+--------+
|lc3_computer: | ram_reg    | 64 K x 16(READ_FIRST)  | W |   | 64 K x 16(WRITE_FIRST) |   | R | Port A and B     | 0      | 32     | 
+--------------+------------+------------------------+---+---+------------------------+---+---+------------------+--------+--------+

Note: The tale above is a preliminary report that shows the Block RAMs at the current stage of the synthesis flow. Some Block RAMs may be reimplemented as non Block RAM primitives later in the synthesis flow. Multiple instantiated Block RAMs are reported only once. 
---------------------------------------------------------------------------------
Finished ROM, RAM, DSP and Shift Register Reporting
---------------------------------------------------------------------------------
INFO: [Synth 8-4480] The timing for the instance i_1/Inst_student_code/Inst_lc3_computer/ram_reg_1_0 (implemented as a block RAM) might be sub-optimal as no optional output register could be merged into the block ram. Providing additional output register may help in improving timing.
INFO: [Synth 8-4480] The timing for the instance i_1/Inst_student_code/Inst_lc3_computer/ram_reg_1_1 (implemented as a block RAM) might be sub-optimal as no optional output register could be merged into the block ram. Providing additional output register may help in improving timing.
INFO: [Synth 8-4480] The timing for the instance i_1/Inst_student_code/Inst_lc3_computer/ram_reg_1_2 (implemented as a block RAM) might be sub-optimal as no optional output register could be merged into the block ram. Providing additional output register may help in improving timing.
INFO: [Synth 8-4480] The timing for the instance i_1/Inst_student_code/Inst_lc3_computer/ram_reg_1_3 (implemented as a block RAM) might be sub-optimal as no optional output register could be merged into the block ram. Providing additional output register may help in improving timing.
INFO: [Synth 8-4480] The timing for the instance i_1/Inst_student_code/Inst_lc3_computer/ram_reg_1_4 (implemented as a block RAM) might be sub-optimal as no optional output register could be merged into the block ram. Providing additional output register may help in improving timing.
INFO: [Synth 8-4480] The timing for the instance i_1/Inst_student_code/Inst_lc3_computer/ram_reg_1_5 (implemented as a block RAM) might be sub-optimal as no optional output register could be merged into the block ram. Providing additional output register may help in improving timing.
INFO: [Synth 8-4480] The timing for the instance i_1/Inst_student_code/Inst_lc3_computer/ram_reg_1_6 (implemented as a block RAM) might be sub-optimal as no optional output register could be merged into the block ram. Providing additional output register may help in improving timing.
INFO: [Synth 8-4480] The timing for the instance i_1/Inst_student_code/Inst_lc3_computer/ram_reg_1_7 (implemented as a block RAM) might be sub-optimal as no optional output register could be merged into the block ram. Providing additional output register may help in improving timing.
INFO: [Synth 8-4480] The timing for the instance i_1/Inst_student_code/Inst_lc3_computer/ram_reg_1_8 (implemented as a block RAM) might be sub-optimal as no optional output register could be merged into the block ram. Providing additional output register may help in improving timing.
INFO: [Synth 8-4480] The timing for the instance i_1/Inst_student_code/Inst_lc3_computer/ram_reg_1_9 (implemented as a block RAM) might be sub-optimal as no optional output register could be merged into the block ram. Providing additional output register may help in improving timing.
INFO: [Synth 8-4480] The timing for the instance i_1/Inst_student_code/Inst_lc3_computer/ram_reg_1_10 (implemented as a block RAM) might be sub-optimal as no optional output register could be merged into the block ram. Providing additional output register may help in improving timing.
INFO: [Synth 8-4480] The timing for the instance i_1/Inst_student_code/Inst_lc3_computer/ram_reg_1_11 (implemented as a block RAM) might be sub-optimal as no optional output register could be merged into the block ram. Providing additional output register may help in improving timing.
INFO: [Synth 8-4480] The timing for the instance i_1/Inst_student_code/Inst_lc3_computer/ram_reg_1_12 (implemented as a block RAM) might be sub-optimal as no optional output register could be merged into the block ram. Providing additional output register may help in improving timing.
INFO: [Synth 8-4480] The timing for the instance i_1/Inst_student_code/Inst_lc3_computer/ram_reg_1_13 (implemented as a block RAM) might be sub-optimal as no optional output register could be merged into the block ram. Providing additional output register may help in improving timing.
INFO: [Synth 8-4480] The timing for the instance i_1/Inst_student_code/Inst_lc3_computer/ram_reg_1_14 (implemented as a block RAM) might be sub-optimal as no optional output register could be merged into the block ram. Providing additional output register may help in improving timing.
INFO: [Synth 8-4480] The timing for the instance i_1/Inst_student_code/Inst_lc3_computer/ram_reg_1_15 (implemented as a block RAM) might be sub-optimal as no optional output register could be merged into the block ram. Providing additional output register may help in improving timing.

Report RTL Partitions: 
+-+--------------+------------+----------+
| |RTL Partition |Replication |Instances |
+-+--------------+------------+----------+
+-+--------------+------------+----------+
---------------------------------------------------------------------------------
Start Applying XDC Timing Constraints
---------------------------------------------------------------------------------
---------------------------------------------------------------------------------
Finished Applying XDC Timing Constraints : Time (s): cpu = 00:00:27 ; elapsed = 00:00:34 . Memory (MB): peak = 793.391 ; gain = 524.609
---------------------------------------------------------------------------------
---------------------------------------------------------------------------------
Start Timing Optimization
---------------------------------------------------------------------------------
---------------------------------------------------------------------------------
Finished Timing Optimization : Time (s): cpu = 00:00:27 ; elapsed = 00:00:34 . Memory (MB): peak = 794.355 ; gain = 525.574
---------------------------------------------------------------------------------
---------------------------------------------------------------------------------
Start ROM, RAM, DSP and Shift Register Reporting
---------------------------------------------------------------------------------

Block RAM: Final Mapping  Report
+--------------+------------+------------------------+---+---+------------------------+---+---+------------------+--------+--------+
|Module Name   | RTL Object | PORT A (Depth x Width) | W | R | PORT B (Depth x Width) | W | R | Ports driving FF | RAMB18 | RAMB36 | 
+--------------+------------+------------------------+---+---+------------------------+---+---+------------------+--------+--------+
|lc3_computer: | ram_reg    | 64 K x 16(READ_FIRST)  | W |   | 64 K x 16(WRITE_FIRST) |   | R | Port A and B     | 0      | 32     | 
+--------------+------------+------------------------+---+---+------------------------+---+---+------------------+--------+--------+

---------------------------------------------------------------------------------
Finished ROM, RAM, DSP and Shift Register Reporting
---------------------------------------------------------------------------------

Report RTL Partitions: 
+-+--------------+------------+----------+
| |RTL Partition |Replication |Instances |
+-+--------------+------------+----------+
+-+--------------+------------+----------+
---------------------------------------------------------------------------------
Start Technology Mapping
---------------------------------------------------------------------------------
INFO: [Synth 8-4480] The timing for the instance Inst_student_code/Inst_lc3_computer/ram_reg_1_0 (implemented as a block RAM) might be sub-optimal as no optional output register could be merged into the block ram. Providing additional output register may help in improving timing.
INFO: [Synth 8-4480] The timing for the instance Inst_student_code/Inst_lc3_computer/ram_reg_1_1 (implemented as a block RAM) might be sub-optimal as no optional output register could be merged into the block ram. Providing additional output register may help in improving timing.
INFO: [Synth 8-4480] The timing for the instance Inst_student_code/Inst_lc3_computer/ram_reg_1_2 (implemented as a block RAM) might be sub-optimal as no optional output register could be merged into the block ram. Providing additional output register may help in improving timing.
INFO: [Synth 8-4480] The timing for the instance Inst_student_code/Inst_lc3_computer/ram_reg_1_3 (implemented as a block RAM) might be sub-optimal as no optional output register could be merged into the block ram. Providing additional output register may help in improving timing.
INFO: [Synth 8-4480] The timing for the instance Inst_student_code/Inst_lc3_computer/ram_reg_1_4 (implemented as a block RAM) might be sub-optimal as no optional output register could be merged into the block ram. Providing additional output register may help in improving timing.
INFO: [Synth 8-4480] The timing for the instance Inst_student_code/Inst_lc3_computer/ram_reg_1_5 (implemented as a block RAM) might be sub-optimal as no optional output register could be merged into the block ram. Providing additional output register may help in improving timing.
INFO: [Synth 8-4480] The timing for the instance Inst_student_code/Inst_lc3_computer/ram_reg_1_6 (implemented as a block RAM) might be sub-optimal as no optional output register could be merged into the block ram. Providing additional output register may help in improving timing.
INFO: [Synth 8-4480] The timing for the instance Inst_student_code/Inst_lc3_computer/ram_reg_1_7 (implemented as a block RAM) might be sub-optimal as no optional output register could be merged into the block ram. Providing additional output register may help in improving timing.
INFO: [Synth 8-4480] The timing for the instance Inst_student_code/Inst_lc3_computer/ram_reg_1_8 (implemented as a block RAM) might be sub-optimal as no optional output register could be merged into the block ram. Providing additional output register may help in improving timing.
INFO: [Synth 8-4480] The timing for the instance Inst_student_code/Inst_lc3_computer/ram_reg_1_9 (implemented as a block RAM) might be sub-optimal as no optional output register could be merged into the block ram. Providing additional output register may help in improving timing.
INFO: [Synth 8-4480] The timing for the instance Inst_student_code/Inst_lc3_computer/ram_reg_1_10 (implemented as a block RAM) might be sub-optimal as no optional output register could be merged into the block ram. Providing additional output register may help in improving timing.
INFO: [Synth 8-4480] The timing for the instance Inst_student_code/Inst_lc3_computer/ram_reg_1_11 (implemented as a block RAM) might be sub-optimal as no optional output register could be merged into the block ram. Providing additional output register may help in improving timing.
INFO: [Synth 8-4480] The timing for the instance Inst_student_code/Inst_lc3_computer/ram_reg_1_12 (implemented as a block RAM) might be sub-optimal as no optional output register could be merged into the block ram. Providing additional output register may help in improving timing.
INFO: [Synth 8-4480] The timing for the instance Inst_student_code/Inst_lc3_computer/ram_reg_1_13 (implemented as a block RAM) might be sub-optimal as no optional output register could be merged into the block ram. Providing additional output register may help in improving timing.
INFO: [Synth 8-4480] The timing for the instance Inst_student_code/Inst_lc3_computer/ram_reg_1_14 (implemented as a block RAM) might be sub-optimal as no optional output register could be merged into the block ram. Providing additional output register may help in improving timing.
INFO: [Synth 8-4480] The timing for the instance Inst_student_code/Inst_lc3_computer/ram_reg_1_15 (implemented as a block RAM) might be sub-optimal as no optional output register could be merged into the block ram. Providing additional output register may help in improving timing.
---------------------------------------------------------------------------------
Finished Technology Mapping : Time (s): cpu = 00:00:27 ; elapsed = 00:00:35 . Memory (MB): peak = 810.387 ; gain = 541.605
---------------------------------------------------------------------------------

Report RTL Partitions: 
+-+--------------+------------+----------+
| |RTL Partition |Replication |Instances |
+-+--------------+------------+----------+
+-+--------------+------------+----------+
---------------------------------------------------------------------------------
Start IO Insertion
---------------------------------------------------------------------------------
---------------------------------------------------------------------------------
Start Flattening Before IO Insertion
---------------------------------------------------------------------------------
---------------------------------------------------------------------------------
Finished Flattening Before IO Insertion
---------------------------------------------------------------------------------
---------------------------------------------------------------------------------
Start Final Netlist Cleanup
---------------------------------------------------------------------------------
INFO: [Synth 8-6064] Net n_0_622 is driving 64 big block pins (URAM, BRAM and DSP loads). Created 7 replicas of its driver. 
INFO: [Synth 8-6064] Net n_0_20 is driving 64 big block pins (URAM, BRAM and DSP loads). Created 7 replicas of its driver. 
---------------------------------------------------------------------------------
Finished Final Netlist Cleanup
---------------------------------------------------------------------------------
---------------------------------------------------------------------------------
Finished IO Insertion : Time (s): cpu = 00:00:28 ; elapsed = 00:00:36 . Memory (MB): peak = 810.387 ; gain = 541.605
---------------------------------------------------------------------------------

Report Check Netlist: 
+------+------------------+-------+---------+-------+------------------+
|      |Item              |Errors |Warnings |Status |Description       |
+------+------------------+-------+---------+-------+------------------+
|1     |multi_driven_nets |      0|        0|Passed |Multi driven nets |
+------+------------------+-------+---------+-------+------------------+
---------------------------------------------------------------------------------
Start Renaming Generated Instances
---------------------------------------------------------------------------------
---------------------------------------------------------------------------------
Finished Renaming Generated Instances : Time (s): cpu = 00:00:28 ; elapsed = 00:00:36 . Memory (MB): peak = 810.387 ; gain = 541.605
---------------------------------------------------------------------------------

Report RTL Partitions: 
+-+--------------+------------+----------+
| |RTL Partition |Replication |Instances |
+-+--------------+------------+----------+
+-+--------------+------------+----------+
---------------------------------------------------------------------------------
Start Rebuilding User Hierarchy
---------------------------------------------------------------------------------
---------------------------------------------------------------------------------
Finished Rebuilding User Hierarchy : Time (s): cpu = 00:00:28 ; elapsed = 00:00:36 . Memory (MB): peak = 810.387 ; gain = 541.605
---------------------------------------------------------------------------------
---------------------------------------------------------------------------------
Start Renaming Generated Ports
---------------------------------------------------------------------------------
---------------------------------------------------------------------------------
Finished Renaming Generated Ports : Time (s): cpu = 00:00:28 ; elapsed = 00:00:36 . Memory (MB): peak = 810.387 ; gain = 541.605
---------------------------------------------------------------------------------
---------------------------------------------------------------------------------
Start Handling Custom Attributes
---------------------------------------------------------------------------------
---------------------------------------------------------------------------------
Finished Handling Custom Attributes : Time (s): cpu = 00:00:28 ; elapsed = 00:00:36 . Memory (MB): peak = 810.387 ; gain = 541.605
---------------------------------------------------------------------------------
---------------------------------------------------------------------------------
Start Renaming Generated Nets
---------------------------------------------------------------------------------
---------------------------------------------------------------------------------
Finished Renaming Generated Nets : Time (s): cpu = 00:00:28 ; elapsed = 00:00:36 . Memory (MB): peak = 810.387 ; gain = 541.605
---------------------------------------------------------------------------------
---------------------------------------------------------------------------------
Start Writing Synthesis Report
---------------------------------------------------------------------------------

Report BlackBoxes: 
+------+--------------+----------+
|      |BlackBox name |Instances |
+------+--------------+----------+
|1     |ZyboVIO_SE    |         1|
|2     |lc3           |         1|
+------+--------------+----------+

Report Cell Usage: 
+------+------------------+------+
|      |Cell              |Count |
+------+------------------+------+
|1     |ZyboVIO_SE_bbox_1 |     1|
|2     |lc3_bbox_0        |     1|
|3     |CARRY4            |    58|
|4     |LUT1              |   201|
|5     |LUT2              |    22|
|6     |LUT3              |    12|
|7     |LUT4              |    37|
|8     |LUT5              |   213|
|9     |LUT6              |   155|
|10    |RAMB36E1          |     1|
|11    |RAMB36E1_1        |    16|
|12    |RAMB36E1_10       |     1|
|13    |RAMB36E1_11       |     1|
|14    |RAMB36E1_12       |     1|
|15    |RAMB36E1_13       |     1|
|16    |RAMB36E1_14       |     1|
|17    |RAMB36E1_2        |     1|
|18    |RAMB36E1_3        |     1|
|19    |RAMB36E1_4        |     1|
|20    |RAMB36E1_5        |     1|
|21    |RAMB36E1_6        |     3|
|22    |RAMB36E1_7        |     1|
|23    |RAMB36E1_8        |     1|
|24    |RAMB36E1_9        |     1|
|25    |FDCE              |    30|
|26    |FDRE              |   275|
|27    |IBUF              |     9|
|28    |OBUF              |     4|
+------+------------------+------+

Report Instance Areas: 
+------+----------------------------------+-------------------------+------+
|      |Instance                          |Module                   |Cells |
+------+----------------------------------+-------------------------+------+
|1     |top                               |                         |  1107|
|2     |  Inst_ZyboVIOSE_wrapper          |zyboviose_wrapper        |    35|
|3     |  Inst_student_code               |student_code             |   434|
|4     |    Inst_lc3_computer             |lc3_computer             |   208|
|5     |      lc3_m                       |lc3_wrapper_multiplexers |   131|
|6     |    lc3_debug_1                   |lc3_debug                |   226|
|7     |      BtnToggle_1                 |BtnToggle                |    62|
|8     |      hand_clk_db                 |debounce_7               |    82|
|9     |      sys_halt_db                 |debounce_8               |    80|
|10    |  \my_debounce[0].Inst_debounce1  |debounce                 |    79|
|11    |  \my_debounce[0].Inst_debounce2  |debounce_0               |    78|
|12    |  \my_debounce[1].Inst_debounce1  |debounce_1               |    78|
|13    |  \my_debounce[1].Inst_debounce2  |debounce_2               |    78|
|14    |  \my_debounce[2].Inst_debounce1  |debounce_3               |    79|
|15    |  \my_debounce[2].Inst_debounce2  |debounce_4               |    77|
|16    |  \my_debounce[3].Inst_debounce1  |debounce_5               |    79|
|17    |  \my_debounce[3].Inst_debounce2  |debounce_6               |    77|
+------+----------------------------------+-------------------------+------+
---------------------------------------------------------------------------------
Finished Writing Synthesis Report : Time (s): cpu = 00:00:28 ; elapsed = 00:00:36 . Memory (MB): peak = 810.387 ; gain = 541.605
---------------------------------------------------------------------------------
Synthesis finished with 0 errors, 30 critical warnings and 8 warnings.
Synthesis Optimization Runtime : Time (s): cpu = 00:00:18 ; elapsed = 00:00:26 . Memory (MB): peak = 810.387 ; gain = 220.645
Synthesis Optimization Complete : Time (s): cpu = 00:00:28 ; elapsed = 00:00:36 . Memory (MB): peak = 810.387 ; gain = 541.605
INFO: [Project 1-571] Translating synthesized netlist
Parsing EDIF File [C:/3_ugers_projekt/LC3_Computer/LC3_Computer.srcs/sources_1/imports/LC3ZyboV2/ZyboVIO_SE.edif]
Finished Parsing EDIF File [C:/3_ugers_projekt/LC3_Computer/LC3_Computer.srcs/sources_1/imports/LC3ZyboV2/ZyboVIO_SE.edif]
WARNING: [Netlist 29-5] Replacement cell view : ZyboVIO_SE has additional ports (tx_data_out_aa[0]) not seen in its original version.
Parsing EDIF File [C:/3_ugers_projekt/LC3_Computer/LC3_Computer.srcs/sources_1/imports/LC3ZyboV2/lc3.edif]
Finished Parsing EDIF File [C:/3_ugers_projekt/LC3_Computer/LC3_Computer.srcs/sources_1/imports/LC3ZyboV2/lc3.edif]
INFO: [Netlist 29-17] Analyzing 2771 Unisim elements for replacement
INFO: [Netlist 29-28] Unisim Transformation completed in 0 CPU seconds
INFO: [Project 1-479] Netlist was created with Xilinx ngc2edif P_INT.20180321
INFO: [Project 1-570] Preparing netlist for logic optimization
INFO: [Opt 31-138] Pushed 0 inverter(s) to 0 load pin(s).
INFO: [Project 1-111] Unisim Transformation Summary:
  A total of 1637 instances were transformed.
  (MUXCY,XORCY) => CARRY4: 151 instances
  FD => FDRE: 1001 instances
  FDC => FDCE: 6 instances
  FDE => FDRE: 339 instances
  FDP => FDPE: 2 instances
  INV => LUT1: 121 instances
  MULT_AND => LUT2: 17 instances

INFO: [Common 17-83] Releasing license: Synthesis
87 Infos, 12 Warnings, 30 Critical Warnings and 0 Errors encountered.
synth_design completed successfully
synth_design: Time (s): cpu = 00:00:33 ; elapsed = 00:00:41 . Memory (MB): peak = 826.996 ; gain = 570.496
WARNING: [Constraints 18-5210] No constraint will be written out.
INFO: [Common 17-1381] The checkpoint 'C:/3_ugers_projekt/LC3_Computer/LC3_Computer.runs/synth_1/LC3Zybo_top.dcp' has been generated.
INFO: [runtcl-4] Executing : report_utilization -file LC3Zybo_top_utilization_synth.rpt -pb LC3Zybo_top_utilization_synth.pb
report_utilization: Time (s): cpu = 00:00:00 ; elapsed = 00:00:00.053 . Memory (MB): peak = 826.996 ; gain = 0.000
INFO: [Common 17-206] Exiting Vivado at Fri Jun 21 14:33:33 2024...
