#-----------------------------------------------------------
# Vivado v2018.2 (64-bit)
# SW Build 2258646 on Thu Jun 14 20:03:12 MDT 2018
# IP Build 2256618 on Thu Jun 14 22:10:49 MDT 2018
# Start of session at: Fri Jun 21 14:39:00 2024
# Process ID: 10244
# Current directory: C:/3_ugers_projekt/LC3_Computer
# Command line: vivado.exe -gui_launcher_event rodinguilauncherevent10548 C:\3_ugers_projekt\LC3_Computer\LC3_Computer.xpr
# Log file: C:/3_ugers_projekt/LC3_Computer/vivado.log
# Journal file: C:/3_ugers_projekt/LC3_Computer\vivado.jou
#-----------------------------------------------------------
start_gui
open_project C:/3_ugers_projekt/LC3_Computer/LC3_Computer.xpr
Scanning sources...
Finished scanning sources
INFO: [IP_Flow 19-234] Refreshing IP repositories
INFO: [IP_Flow 19-1704] No user IP repositories specified
INFO: [IP_Flow 19-2313] Loaded Vivado IP repository 'C:/Xilinx/Vivado/2018.2/data/ip'.
open_project: Time (s): cpu = 00:00:06 ; elapsed = 00:00:07 . Memory (MB): peak = 761.777 ; gain = 90.000
update_compile_order -fileset sources_1
exit
INFO: [Common 17-206] Exiting Vivado at Fri Jun 21 14:39:40 2024...
