#-----------------------------------------------------------
# Vivado v2018.2 (64-bit)
# SW Build 2258646 on Thu Jun 14 20:03:12 MDT 2018
# IP Build 2256618 on Thu Jun 14 22:10:49 MDT 2018
# Start of session at: Fri Jun 21 14:41:28 2024
# Process ID: 17676
# Current directory: C:/3_ugers_projekt/LC3_Computer
# Command line: vivado.exe -gui_launcher_event rodinguilauncherevent11340 C:\3_ugers_projekt\LC3_Computer\LC3_Computer.xpr
# Log file: C:/3_ugers_projekt/LC3_Computer/vivado.log
# Journal file: C:/3_ugers_projekt/LC3_Computer\vivado.jou
#-----------------------------------------------------------
start_gui
open_project C:/3_ugers_projekt/LC3_Computer/LC3_Computer.xpr
Scanning sources...
Finished scanning sources
INFO: [IP_Flow 19-234] Refreshing IP repositories
INFO: [IP_Flow 19-1704] No user IP repositories specified
INFO: [IP_Flow 19-2313] Loaded Vivado IP repository 'C:/Xilinx/Vivado/2018.2/data/ip'.
update_compile_order -fileset sources_1
reset_run synth_1
launch_runs impl_1 -to_step write_bitstream -jobs 8
[Fri Jun 21 14:44:08 2024] Launched synth_1...
Run output will be captured here: C:/3_ugers_projekt/LC3_Computer/LC3_Computer.runs/synth_1/runme.log
[Fri Jun 21 14:44:08 2024] Launched impl_1...
Run output will be captured here: C:/3_ugers_projekt/LC3_Computer/LC3_Computer.runs/impl_1/runme.log
reset_run synth_1
launch_runs impl_1 -to_step write_bitstream -jobs 8
[Fri Jun 21 14:54:50 2024] Launched synth_1...
Run output will be captured here: C:/3_ugers_projekt/LC3_Computer/LC3_Computer.runs/synth_1/runme.log
[Fri Jun 21 14:54:50 2024] Launched impl_1...
Run output will be captured here: C:/3_ugers_projekt/LC3_Computer/LC3_Computer.runs/impl_1/runme.log
reset_run synth_1
launch_runs impl_1 -to_step write_bitstream -jobs 8
[Fri Jun 21 14:56:45 2024] Launched synth_1...
Run output will be captured here: C:/3_ugers_projekt/LC3_Computer/LC3_Computer.runs/synth_1/runme.log
[Fri Jun 21 14:56:45 2024] Launched impl_1...
Run output will be captured here: C:/3_ugers_projekt/LC3_Computer/LC3_Computer.runs/impl_1/runme.log
reset_run synth_1
launch_runs impl_1 -to_step write_bitstream -jobs 8
[Fri Jun 21 15:02:32 2024] Launched synth_1...
Run output will be captured here: C:/3_ugers_projekt/LC3_Computer/LC3_Computer.runs/synth_1/runme.log
[Fri Jun 21 15:02:32 2024] Launched impl_1...
Run output will be captured here: C:/3_ugers_projekt/LC3_Computer/LC3_Computer.runs/impl_1/runme.log
update_compile_order -fileset sources_1
update_compile_order -fileset sources_1
import_files -norecurse {C:/fpga_vhdl_src/fpga_vhdl_src/ch07/list_ch07_01_uart_rx.vhd C:/fpga_vhdl_src/fpga_vhdl_src/ch07/list_ch07_03_uart_tx.vhd C:/fpga_vhdl_src/fpga_vhdl_src/ch07/list_ch07_02_flag.vhd C:/fpga_vhdl_src/fpga_vhdl_src/ch07/list_ch07_04_uart.vhd}
update_compile_order -fileset sources_1
import_files -norecurse C:/fpga_vhdl_src/fpga_vhdl_src/ch04/list_ch04_11_mod_m.vhd
update_compile_order -fileset sources_1
import_files -norecurse C:/fpga_vhdl_src/fpga_vhdl_src/ch04/list_ch04_20_fifo.vhd
update_compile_order -fileset sources_1
update_compile_order -fileset sources_1
reset_run synth_1
launch_runs impl_1 -to_step write_bitstream -jobs 8
[Fri Jun 21 16:25:47 2024] Launched synth_1...
Run output will be captured here: C:/3_ugers_projekt/LC3_Computer/LC3_Computer.runs/synth_1/runme.log
[Fri Jun 21 16:25:47 2024] Launched impl_1...
Run output will be captured here: C:/3_ugers_projekt/LC3_Computer/LC3_Computer.runs/impl_1/runme.log
reset_run impl_1 -prev_step 
launch_runs impl_1 -to_step write_bitstream -jobs 8
[Fri Jun 21 16:55:25 2024] Launched impl_1...
Run output will be captured here: C:/3_ugers_projekt/LC3_Computer/LC3_Computer.runs/impl_1/runme.log
reset_run synth_1
launch_runs impl_1 -to_step write_bitstream -jobs 8
[Fri Jun 21 17:01:34 2024] Launched synth_1...
Run output will be captured here: C:/3_ugers_projekt/LC3_Computer/LC3_Computer.runs/synth_1/runme.log
[Fri Jun 21 17:01:34 2024] Launched impl_1...
Run output will be captured here: C:/3_ugers_projekt/LC3_Computer/LC3_Computer.runs/impl_1/runme.log
