#-----------------------------------------------------------
# Vivado v2018.2 (64-bit)
# SW Build 2258646 on Thu Jun 14 20:03:12 MDT 2018
# IP Build 2256618 on Thu Jun 14 22:10:49 MDT 2018
# Start of session at: Thu Jun 20 10:54:22 2024
# Process ID: 7060
# Current directory: C:/3_ugers_projekt/LC3_Computer
# Command line: vivado.exe -gui_launcher_event rodinguilauncherevent9432 C:\3_ugers_projekt\LC3_Computer\LC3_Computer.xpr
# Log file: C:/3_ugers_projekt/LC3_Computer/vivado.log
# Journal file: C:/3_ugers_projekt/LC3_Computer\vivado.jou
#-----------------------------------------------------------
start_gui
open_project C:/3_ugers_projekt/LC3_Computer/LC3_Computer.xpr
INFO: [Project 1-313] Project file moved from 'C:/DTU/digital_design/LC3/LC3_Computer' since last save.
Scanning sources...
Finished scanning sources
INFO: [IP_Flow 19-234] Refreshing IP repositories
INFO: [IP_Flow 19-1704] No user IP repositories specified
INFO: [IP_Flow 19-2313] Loaded Vivado IP repository 'C:/Xilinx/Vivado/2018.2/data/ip'.
open_project: Time (s): cpu = 00:00:04 ; elapsed = 00:00:07 . Memory (MB): peak = 791.184 ; gain = 137.086
update_compile_order -fileset sources_1
exit
INFO: [Common 17-206] Exiting Vivado at Thu Jun 20 13:50:36 2024...
