Copyright 1986-2018 Xilinx, Inc. All Rights Reserved.
-----------------------------------------------------------------------------------------------------------------------------------------------------------------------
| Tool Version : Vivado v.2018.2 (win64) Build 2258646 Thu Jun 14 20:03:12 MDT 2018
| Date         : Fri Jun 14 15:15:44 2024
| Host         : hjalte-x1gen6 running 64-bit major release  (build 9200)
| Command      : report_methodology -file LC3Zybo_top_methodology_drc_routed.rpt -pb LC3Zybo_top_methodology_drc_routed.pb -rpx LC3Zybo_top_methodology_drc_routed.rpx
| Design       : LC3Zybo_top
| Device       : xc7z010clg400-1
| Speed File   : -1
| Design State : Routed
-----------------------------------------------------------------------------------------------------------------------------------------------------------------------

Report Methodology

Table of Contents
-----------------
1. REPORT SUMMARY
2. REPORT DETAILS

1. REPORT SUMMARY
-----------------
            Netlist: netlist
          Floorplan: design_1
      Design limits: <entire design considered>
             Max violations: <unlimited>
             Violations found: 231
+-----------+----------+------------------------------+------------+
| Rule      | Severity | Description                  | Violations |
+-----------+----------+------------------------------+------------+
| LUTAR-1   | Warning  | LUT drives async reset alert | 2          |
| TIMING-17 | Warning  | Non-clocked sequential cell  | 229        |
+-----------+----------+------------------------------+------------+

2. REPORT DETAILS
-----------------
LUTAR-1#1 Warning
LUT drives async reset alert  
LUT cell Inst_ZyboVIOSE_wrapper/counter[0]_i_2, with 2 or more inputs, drives asynchronous preset/clear pin(s) Inst_student_code/lc3_debug_1/BtnToggle_1/counter_reg[0]/CLR, Inst_student_code/lc3_debug_1/BtnToggle_1/counter_reg[10]/CLR, Inst_student_code/lc3_debug_1/BtnToggle_1/counter_reg[11]/CLR, Inst_student_code/lc3_debug_1/BtnToggle_1/counter_reg[12]/CLR, Inst_student_code/lc3_debug_1/BtnToggle_1/counter_reg[13]/CLR, Inst_student_code/lc3_debug_1/BtnToggle_1/counter_reg[14]/CLR, Inst_student_code/lc3_debug_1/BtnToggle_1/counter_reg[15]/CLR, Inst_student_code/lc3_debug_1/BtnToggle_1/counter_reg[16]/CLR, Inst_student_code/lc3_debug_1/BtnToggle_1/counter_reg[17]/CLR, Inst_student_code/lc3_debug_1/BtnToggle_1/counter_reg[18]/CLR, Inst_student_code/lc3_debug_1/BtnToggle_1/counter_reg[19]/CLR, Inst_student_code/lc3_debug_1/BtnToggle_1/counter_reg[1]/CLR, Inst_student_code/lc3_debug_1/BtnToggle_1/counter_reg[20]/CLR, Inst_student_code/lc3_debug_1/BtnToggle_1/counter_reg[21]/CLR, Inst_student_code/lc3_debug_1/BtnToggle_1/counter_reg[22]/CLR (the first 15 of 30 listed). The LUT may glitch and trigger an unexpected reset, even if it is a properly timed path.
Related violations: <none>

LUTAR-1#2 Warning
LUT drives async reset alert  
LUT cell Inst_ZyboVIOSE_wrapper/lc3_1_i_2, with 2 or more inputs, drives asynchronous preset/clear pin(s) Inst_student_code/Inst_lc3_computer/lc3_m/lc3_1/RE/CLR, Inst_student_code/Inst_lc3_computer/lc3_m/lc3_1/WE/CLR, Inst_student_code/Inst_lc3_computer/lc3_m/lc3_1/data_out_0/CLR, Inst_student_code/Inst_lc3_computer/lc3_m/lc3_1/data_out_1/CLR, Inst_student_code/Inst_lc3_computer/lc3_m/lc3_1/data_out_10/CLR, Inst_student_code/Inst_lc3_computer/lc3_m/lc3_1/data_out_11/CLR, Inst_student_code/Inst_lc3_computer/lc3_m/lc3_1/data_out_12/CLR, Inst_student_code/Inst_lc3_computer/lc3_m/lc3_1/data_out_13/CLR, Inst_student_code/Inst_lc3_computer/lc3_m/lc3_1/data_out_14/CLR, Inst_student_code/Inst_lc3_computer/lc3_m/lc3_1/data_out_15/CLR, Inst_student_code/Inst_lc3_computer/lc3_m/lc3_1/data_out_2/CLR, Inst_student_code/Inst_lc3_computer/lc3_m/lc3_1/data_out_3/CLR, Inst_student_code/Inst_lc3_computer/lc3_m/lc3_1/data_out_4/CLR, Inst_student_code/Inst_lc3_computer/lc3_m/lc3_1/data_out_5/CLR, Inst_student_code/Inst_lc3_computer/lc3_m/lc3_1/data_out_6/CLR (the first 15 of 38 listed). The LUT may glitch and trigger an unexpected reset, even if it is a properly timed path.
Related violations: <none>

TIMING-17#1 Warning
Non-clocked sequential cell  
The clock pin Inst_ZyboVIOSE_wrapper/Inst_ZyboVIO_SE/Inst_jtag_chainIO/do_0/C is not reached by a timing clock
Related violations: <none>

TIMING-17#2 Warning
Non-clocked sequential cell  
The clock pin Inst_ZyboVIOSE_wrapper/Inst_ZyboVIO_SE/Inst_jtag_chainIO/do_1/C is not reached by a timing clock
Related violations: <none>

TIMING-17#3 Warning
Non-clocked sequential cell  
The clock pin Inst_ZyboVIOSE_wrapper/Inst_ZyboVIO_SE/Inst_jtag_chainIO/do_10/C is not reached by a timing clock
Related violations: <none>

TIMING-17#4 Warning
Non-clocked sequential cell  
The clock pin Inst_ZyboVIOSE_wrapper/Inst_ZyboVIO_SE/Inst_jtag_chainIO/do_11/C is not reached by a timing clock
Related violations: <none>

TIMING-17#5 Warning
Non-clocked sequential cell  
The clock pin Inst_ZyboVIOSE_wrapper/Inst_ZyboVIO_SE/Inst_jtag_chainIO/do_12/C is not reached by a timing clock
Related violations: <none>

TIMING-17#6 Warning
Non-clocked sequential cell  
The clock pin Inst_ZyboVIOSE_wrapper/Inst_ZyboVIO_SE/Inst_jtag_chainIO/do_13/C is not reached by a timing clock
Related violations: <none>

TIMING-17#7 Warning
Non-clocked sequential cell  
The clock pin Inst_ZyboVIOSE_wrapper/Inst_ZyboVIO_SE/Inst_jtag_chainIO/do_14/C is not reached by a timing clock
Related violations: <none>

TIMING-17#8 Warning
Non-clocked sequential cell  
The clock pin Inst_ZyboVIOSE_wrapper/Inst_ZyboVIO_SE/Inst_jtag_chainIO/do_15/C is not reached by a timing clock
Related violations: <none>

TIMING-17#9 Warning
Non-clocked sequential cell  
The clock pin Inst_ZyboVIOSE_wrapper/Inst_ZyboVIO_SE/Inst_jtag_chainIO/do_16/C is not reached by a timing clock
Related violations: <none>

TIMING-17#10 Warning
Non-clocked sequential cell  
The clock pin Inst_ZyboVIOSE_wrapper/Inst_ZyboVIO_SE/Inst_jtag_chainIO/do_17/C is not reached by a timing clock
Related violations: <none>

TIMING-17#11 Warning
Non-clocked sequential cell  
The clock pin Inst_ZyboVIOSE_wrapper/Inst_ZyboVIO_SE/Inst_jtag_chainIO/do_18/C is not reached by a timing clock
Related violations: <none>

TIMING-17#12 Warning
Non-clocked sequential cell  
The clock pin Inst_ZyboVIOSE_wrapper/Inst_ZyboVIO_SE/Inst_jtag_chainIO/do_19/C is not reached by a timing clock
Related violations: <none>

TIMING-17#13 Warning
Non-clocked sequential cell  
The clock pin Inst_ZyboVIOSE_wrapper/Inst_ZyboVIO_SE/Inst_jtag_chainIO/do_2/C is not reached by a timing clock
Related violations: <none>

TIMING-17#14 Warning
Non-clocked sequential cell  
The clock pin Inst_ZyboVIOSE_wrapper/Inst_ZyboVIO_SE/Inst_jtag_chainIO/do_20/C is not reached by a timing clock
Related violations: <none>

TIMING-17#15 Warning
Non-clocked sequential cell  
The clock pin Inst_ZyboVIOSE_wrapper/Inst_ZyboVIO_SE/Inst_jtag_chainIO/do_21/C is not reached by a timing clock
Related violations: <none>

TIMING-17#16 Warning
Non-clocked sequential cell  
The clock pin Inst_ZyboVIOSE_wrapper/Inst_ZyboVIO_SE/Inst_jtag_chainIO/do_22/C is not reached by a timing clock
Related violations: <none>

TIMING-17#17 Warning
Non-clocked sequential cell  
The clock pin Inst_ZyboVIOSE_wrapper/Inst_ZyboVIO_SE/Inst_jtag_chainIO/do_23/C is not reached by a timing clock
Related violations: <none>

TIMING-17#18 Warning
Non-clocked sequential cell  
The clock pin Inst_ZyboVIOSE_wrapper/Inst_ZyboVIO_SE/Inst_jtag_chainIO/do_24/C is not reached by a timing clock
Related violations: <none>

TIMING-17#19 Warning
Non-clocked sequential cell  
The clock pin Inst_ZyboVIOSE_wrapper/Inst_ZyboVIO_SE/Inst_jtag_chainIO/do_25/C is not reached by a timing clock
Related violations: <none>

TIMING-17#20 Warning
Non-clocked sequential cell  
The clock pin Inst_ZyboVIOSE_wrapper/Inst_ZyboVIO_SE/Inst_jtag_chainIO/do_26/C is not reached by a timing clock
Related violations: <none>

TIMING-17#21 Warning
Non-clocked sequential cell  
The clock pin Inst_ZyboVIOSE_wrapper/Inst_ZyboVIO_SE/Inst_jtag_chainIO/do_27/C is not reached by a timing clock
Related violations: <none>

TIMING-17#22 Warning
Non-clocked sequential cell  
The clock pin Inst_ZyboVIOSE_wrapper/Inst_ZyboVIO_SE/Inst_jtag_chainIO/do_28/C is not reached by a timing clock
Related violations: <none>

TIMING-17#23 Warning
Non-clocked sequential cell  
The clock pin Inst_ZyboVIOSE_wrapper/Inst_ZyboVIO_SE/Inst_jtag_chainIO/do_29/C is not reached by a timing clock
Related violations: <none>

TIMING-17#24 Warning
Non-clocked sequential cell  
The clock pin Inst_ZyboVIOSE_wrapper/Inst_ZyboVIO_SE/Inst_jtag_chainIO/do_3/C is not reached by a timing clock
Related violations: <none>

TIMING-17#25 Warning
Non-clocked sequential cell  
The clock pin Inst_ZyboVIOSE_wrapper/Inst_ZyboVIO_SE/Inst_jtag_chainIO/do_30/C is not reached by a timing clock
Related violations: <none>

TIMING-17#26 Warning
Non-clocked sequential cell  
The clock pin Inst_ZyboVIOSE_wrapper/Inst_ZyboVIO_SE/Inst_jtag_chainIO/do_31/C is not reached by a timing clock
Related violations: <none>

TIMING-17#27 Warning
Non-clocked sequential cell  
The clock pin Inst_ZyboVIOSE_wrapper/Inst_ZyboVIO_SE/Inst_jtag_chainIO/do_32/C is not reached by a timing clock
Related violations: <none>

TIMING-17#28 Warning
Non-clocked sequential cell  
The clock pin Inst_ZyboVIOSE_wrapper/Inst_ZyboVIO_SE/Inst_jtag_chainIO/do_33/C is not reached by a timing clock
Related violations: <none>

TIMING-17#29 Warning
Non-clocked sequential cell  
The clock pin Inst_ZyboVIOSE_wrapper/Inst_ZyboVIO_SE/Inst_jtag_chainIO/do_34/C is not reached by a timing clock
Related violations: <none>

TIMING-17#30 Warning
Non-clocked sequential cell  
The clock pin Inst_ZyboVIOSE_wrapper/Inst_ZyboVIO_SE/Inst_jtag_chainIO/do_35/C is not reached by a timing clock
Related violations: <none>

TIMING-17#31 Warning
Non-clocked sequential cell  
The clock pin Inst_ZyboVIOSE_wrapper/Inst_ZyboVIO_SE/Inst_jtag_chainIO/do_36/C is not reached by a timing clock
Related violations: <none>

TIMING-17#32 Warning
Non-clocked sequential cell  
The clock pin Inst_ZyboVIOSE_wrapper/Inst_ZyboVIO_SE/Inst_jtag_chainIO/do_37/C is not reached by a timing clock
Related violations: <none>

TIMING-17#33 Warning
Non-clocked sequential cell  
The clock pin Inst_ZyboVIOSE_wrapper/Inst_ZyboVIO_SE/Inst_jtag_chainIO/do_38/C is not reached by a timing clock
Related violations: <none>

TIMING-17#34 Warning
Non-clocked sequential cell  
The clock pin Inst_ZyboVIOSE_wrapper/Inst_ZyboVIO_SE/Inst_jtag_chainIO/do_39/C is not reached by a timing clock
Related violations: <none>

TIMING-17#35 Warning
Non-clocked sequential cell  
The clock pin Inst_ZyboVIOSE_wrapper/Inst_ZyboVIO_SE/Inst_jtag_chainIO/do_4/C is not reached by a timing clock
Related violations: <none>

TIMING-17#36 Warning
Non-clocked sequential cell  
The clock pin Inst_ZyboVIOSE_wrapper/Inst_ZyboVIO_SE/Inst_jtag_chainIO/do_40/C is not reached by a timing clock
Related violations: <none>

TIMING-17#37 Warning
Non-clocked sequential cell  
The clock pin Inst_ZyboVIOSE_wrapper/Inst_ZyboVIO_SE/Inst_jtag_chainIO/do_41/C is not reached by a timing clock
Related violations: <none>

TIMING-17#38 Warning
Non-clocked sequential cell  
The clock pin Inst_ZyboVIOSE_wrapper/Inst_ZyboVIO_SE/Inst_jtag_chainIO/do_42/C is not reached by a timing clock
Related violations: <none>

TIMING-17#39 Warning
Non-clocked sequential cell  
The clock pin Inst_ZyboVIOSE_wrapper/Inst_ZyboVIO_SE/Inst_jtag_chainIO/do_43/C is not reached by a timing clock
Related violations: <none>

TIMING-17#40 Warning
Non-clocked sequential cell  
The clock pin Inst_ZyboVIOSE_wrapper/Inst_ZyboVIO_SE/Inst_jtag_chainIO/do_44/C is not reached by a timing clock
Related violations: <none>

TIMING-17#41 Warning
Non-clocked sequential cell  
The clock pin Inst_ZyboVIOSE_wrapper/Inst_ZyboVIO_SE/Inst_jtag_chainIO/do_45/C is not reached by a timing clock
Related violations: <none>

TIMING-17#42 Warning
Non-clocked sequential cell  
The clock pin Inst_ZyboVIOSE_wrapper/Inst_ZyboVIO_SE/Inst_jtag_chainIO/do_46/C is not reached by a timing clock
Related violations: <none>

TIMING-17#43 Warning
Non-clocked sequential cell  
The clock pin Inst_ZyboVIOSE_wrapper/Inst_ZyboVIO_SE/Inst_jtag_chainIO/do_47/C is not reached by a timing clock
Related violations: <none>

TIMING-17#44 Warning
Non-clocked sequential cell  
The clock pin Inst_ZyboVIOSE_wrapper/Inst_ZyboVIO_SE/Inst_jtag_chainIO/do_5/C is not reached by a timing clock
Related violations: <none>

TIMING-17#45 Warning
Non-clocked sequential cell  
The clock pin Inst_ZyboVIOSE_wrapper/Inst_ZyboVIO_SE/Inst_jtag_chainIO/do_6/C is not reached by a timing clock
Related violations: <none>

TIMING-17#46 Warning
Non-clocked sequential cell  
The clock pin Inst_ZyboVIOSE_wrapper/Inst_ZyboVIO_SE/Inst_jtag_chainIO/do_7/C is not reached by a timing clock
Related violations: <none>

TIMING-17#47 Warning
Non-clocked sequential cell  
The clock pin Inst_ZyboVIOSE_wrapper/Inst_ZyboVIO_SE/Inst_jtag_chainIO/do_8/C is not reached by a timing clock
Related violations: <none>

TIMING-17#48 Warning
Non-clocked sequential cell  
The clock pin Inst_ZyboVIOSE_wrapper/Inst_ZyboVIO_SE/Inst_jtag_chainIO/do_9/C is not reached by a timing clock
Related violations: <none>

TIMING-17#49 Warning
Non-clocked sequential cell  
The clock pin Inst_ZyboVIOSE_wrapper/Inst_ZyboVIO_SE/Inst_jtag_chainIO/fromPCReg_0/C is not reached by a timing clock
Related violations: <none>

TIMING-17#50 Warning
Non-clocked sequential cell  
The clock pin Inst_ZyboVIOSE_wrapper/Inst_ZyboVIO_SE/Inst_jtag_chainIO/fromPCReg_1/C is not reached by a timing clock
Related violations: <none>

TIMING-17#51 Warning
Non-clocked sequential cell  
The clock pin Inst_ZyboVIOSE_wrapper/Inst_ZyboVIO_SE/Inst_jtag_chainIO/fromPCReg_10/C is not reached by a timing clock
Related violations: <none>

TIMING-17#52 Warning
Non-clocked sequential cell  
The clock pin Inst_ZyboVIOSE_wrapper/Inst_ZyboVIO_SE/Inst_jtag_chainIO/fromPCReg_11/C is not reached by a timing clock
Related violations: <none>

TIMING-17#53 Warning
Non-clocked sequential cell  
The clock pin Inst_ZyboVIOSE_wrapper/Inst_ZyboVIO_SE/Inst_jtag_chainIO/fromPCReg_12/C is not reached by a timing clock
Related violations: <none>

TIMING-17#54 Warning
Non-clocked sequential cell  
The clock pin Inst_ZyboVIOSE_wrapper/Inst_ZyboVIO_SE/Inst_jtag_chainIO/fromPCReg_13/C is not reached by a timing clock
Related violations: <none>

TIMING-17#55 Warning
Non-clocked sequential cell  
The clock pin Inst_ZyboVIOSE_wrapper/Inst_ZyboVIO_SE/Inst_jtag_chainIO/fromPCReg_14/C is not reached by a timing clock
Related violations: <none>

TIMING-17#56 Warning
Non-clocked sequential cell  
The clock pin Inst_ZyboVIOSE_wrapper/Inst_ZyboVIO_SE/Inst_jtag_chainIO/fromPCReg_15/C is not reached by a timing clock
Related violations: <none>

TIMING-17#57 Warning
Non-clocked sequential cell  
The clock pin Inst_ZyboVIOSE_wrapper/Inst_ZyboVIO_SE/Inst_jtag_chainIO/fromPCReg_16/C is not reached by a timing clock
Related violations: <none>

TIMING-17#58 Warning
Non-clocked sequential cell  
The clock pin Inst_ZyboVIOSE_wrapper/Inst_ZyboVIO_SE/Inst_jtag_chainIO/fromPCReg_17/C is not reached by a timing clock
Related violations: <none>

TIMING-17#59 Warning
Non-clocked sequential cell  
The clock pin Inst_ZyboVIOSE_wrapper/Inst_ZyboVIO_SE/Inst_jtag_chainIO/fromPCReg_18/C is not reached by a timing clock
Related violations: <none>

TIMING-17#60 Warning
Non-clocked sequential cell  
The clock pin Inst_ZyboVIOSE_wrapper/Inst_ZyboVIO_SE/Inst_jtag_chainIO/fromPCReg_19/C is not reached by a timing clock
Related violations: <none>

TIMING-17#61 Warning
Non-clocked sequential cell  
The clock pin Inst_ZyboVIOSE_wrapper/Inst_ZyboVIO_SE/Inst_jtag_chainIO/fromPCReg_2/C is not reached by a timing clock
Related violations: <none>

TIMING-17#62 Warning
Non-clocked sequential cell  
The clock pin Inst_ZyboVIOSE_wrapper/Inst_ZyboVIO_SE/Inst_jtag_chainIO/fromPCReg_20/C is not reached by a timing clock
Related violations: <none>

TIMING-17#63 Warning
Non-clocked sequential cell  
The clock pin Inst_ZyboVIOSE_wrapper/Inst_ZyboVIO_SE/Inst_jtag_chainIO/fromPCReg_21/C is not reached by a timing clock
Related violations: <none>

TIMING-17#64 Warning
Non-clocked sequential cell  
The clock pin Inst_ZyboVIOSE_wrapper/Inst_ZyboVIO_SE/Inst_jtag_chainIO/fromPCReg_22/C is not reached by a timing clock
Related violations: <none>

TIMING-17#65 Warning
Non-clocked sequential cell  
The clock pin Inst_ZyboVIOSE_wrapper/Inst_ZyboVIO_SE/Inst_jtag_chainIO/fromPCReg_23/C is not reached by a timing clock
Related violations: <none>

TIMING-17#66 Warning
Non-clocked sequential cell  
The clock pin Inst_ZyboVIOSE_wrapper/Inst_ZyboVIO_SE/Inst_jtag_chainIO/fromPCReg_24/C is not reached by a timing clock
Related violations: <none>

TIMING-17#67 Warning
Non-clocked sequential cell  
The clock pin Inst_ZyboVIOSE_wrapper/Inst_ZyboVIO_SE/Inst_jtag_chainIO/fromPCReg_25/C is not reached by a timing clock
Related violations: <none>

TIMING-17#68 Warning
Non-clocked sequential cell  
The clock pin Inst_ZyboVIOSE_wrapper/Inst_ZyboVIO_SE/Inst_jtag_chainIO/fromPCReg_26/C is not reached by a timing clock
Related violations: <none>

TIMING-17#69 Warning
Non-clocked sequential cell  
The clock pin Inst_ZyboVIOSE_wrapper/Inst_ZyboVIO_SE/Inst_jtag_chainIO/fromPCReg_27/C is not reached by a timing clock
Related violations: <none>

TIMING-17#70 Warning
Non-clocked sequential cell  
The clock pin Inst_ZyboVIOSE_wrapper/Inst_ZyboVIO_SE/Inst_jtag_chainIO/fromPCReg_28/C is not reached by a timing clock
Related violations: <none>

TIMING-17#71 Warning
Non-clocked sequential cell  
The clock pin Inst_ZyboVIOSE_wrapper/Inst_ZyboVIO_SE/Inst_jtag_chainIO/fromPCReg_29/C is not reached by a timing clock
Related violations: <none>

TIMING-17#72 Warning
Non-clocked sequential cell  
The clock pin Inst_ZyboVIOSE_wrapper/Inst_ZyboVIO_SE/Inst_jtag_chainIO/fromPCReg_3/C is not reached by a timing clock
Related violations: <none>

TIMING-17#73 Warning
Non-clocked sequential cell  
The clock pin Inst_ZyboVIOSE_wrapper/Inst_ZyboVIO_SE/Inst_jtag_chainIO/fromPCReg_30/C is not reached by a timing clock
Related violations: <none>

TIMING-17#74 Warning
Non-clocked sequential cell  
The clock pin Inst_ZyboVIOSE_wrapper/Inst_ZyboVIO_SE/Inst_jtag_chainIO/fromPCReg_31/C is not reached by a timing clock
Related violations: <none>

TIMING-17#75 Warning
Non-clocked sequential cell  
The clock pin Inst_ZyboVIOSE_wrapper/Inst_ZyboVIO_SE/Inst_jtag_chainIO/fromPCReg_32/C is not reached by a timing clock
Related violations: <none>

TIMING-17#76 Warning
Non-clocked sequential cell  
The clock pin Inst_ZyboVIOSE_wrapper/Inst_ZyboVIO_SE/Inst_jtag_chainIO/fromPCReg_33/C is not reached by a timing clock
Related violations: <none>

TIMING-17#77 Warning
Non-clocked sequential cell  
The clock pin Inst_ZyboVIOSE_wrapper/Inst_ZyboVIO_SE/Inst_jtag_chainIO/fromPCReg_34/C is not reached by a timing clock
Related violations: <none>

TIMING-17#78 Warning
Non-clocked sequential cell  
The clock pin Inst_ZyboVIOSE_wrapper/Inst_ZyboVIO_SE/Inst_jtag_chainIO/fromPCReg_35/C is not reached by a timing clock
Related violations: <none>

TIMING-17#79 Warning
Non-clocked sequential cell  
The clock pin Inst_ZyboVIOSE_wrapper/Inst_ZyboVIO_SE/Inst_jtag_chainIO/fromPCReg_36/C is not reached by a timing clock
Related violations: <none>

TIMING-17#80 Warning
Non-clocked sequential cell  
The clock pin Inst_ZyboVIOSE_wrapper/Inst_ZyboVIO_SE/Inst_jtag_chainIO/fromPCReg_37/C is not reached by a timing clock
Related violations: <none>

TIMING-17#81 Warning
Non-clocked sequential cell  
The clock pin Inst_ZyboVIOSE_wrapper/Inst_ZyboVIO_SE/Inst_jtag_chainIO/fromPCReg_38/C is not reached by a timing clock
Related violations: <none>

TIMING-17#82 Warning
Non-clocked sequential cell  
The clock pin Inst_ZyboVIOSE_wrapper/Inst_ZyboVIO_SE/Inst_jtag_chainIO/fromPCReg_39/C is not reached by a timing clock
Related violations: <none>

TIMING-17#83 Warning
Non-clocked sequential cell  
The clock pin Inst_ZyboVIOSE_wrapper/Inst_ZyboVIO_SE/Inst_jtag_chainIO/fromPCReg_4/C is not reached by a timing clock
Related violations: <none>

TIMING-17#84 Warning
Non-clocked sequential cell  
The clock pin Inst_ZyboVIOSE_wrapper/Inst_ZyboVIO_SE/Inst_jtag_chainIO/fromPCReg_40/C is not reached by a timing clock
Related violations: <none>

TIMING-17#85 Warning
Non-clocked sequential cell  
The clock pin Inst_ZyboVIOSE_wrapper/Inst_ZyboVIO_SE/Inst_jtag_chainIO/fromPCReg_41/C is not reached by a timing clock
Related violations: <none>

TIMING-17#86 Warning
Non-clocked sequential cell  
The clock pin Inst_ZyboVIOSE_wrapper/Inst_ZyboVIO_SE/Inst_jtag_chainIO/fromPCReg_42/C is not reached by a timing clock
Related violations: <none>

TIMING-17#87 Warning
Non-clocked sequential cell  
The clock pin Inst_ZyboVIOSE_wrapper/Inst_ZyboVIO_SE/Inst_jtag_chainIO/fromPCReg_43/C is not reached by a timing clock
Related violations: <none>

TIMING-17#88 Warning
Non-clocked sequential cell  
The clock pin Inst_ZyboVIOSE_wrapper/Inst_ZyboVIO_SE/Inst_jtag_chainIO/fromPCReg_44/C is not reached by a timing clock
Related violations: <none>

TIMING-17#89 Warning
Non-clocked sequential cell  
The clock pin Inst_ZyboVIOSE_wrapper/Inst_ZyboVIO_SE/Inst_jtag_chainIO/fromPCReg_45/C is not reached by a timing clock
Related violations: <none>

TIMING-17#90 Warning
Non-clocked sequential cell  
The clock pin Inst_ZyboVIOSE_wrapper/Inst_ZyboVIO_SE/Inst_jtag_chainIO/fromPCReg_46/C is not reached by a timing clock
Related violations: <none>

TIMING-17#91 Warning
Non-clocked sequential cell  
The clock pin Inst_ZyboVIOSE_wrapper/Inst_ZyboVIO_SE/Inst_jtag_chainIO/fromPCReg_47/C is not reached by a timing clock
Related violations: <none>

TIMING-17#92 Warning
Non-clocked sequential cell  
The clock pin Inst_ZyboVIOSE_wrapper/Inst_ZyboVIO_SE/Inst_jtag_chainIO/fromPCReg_5/C is not reached by a timing clock
Related violations: <none>

TIMING-17#93 Warning
Non-clocked sequential cell  
The clock pin Inst_ZyboVIOSE_wrapper/Inst_ZyboVIO_SE/Inst_jtag_chainIO/fromPCReg_6/C is not reached by a timing clock
Related violations: <none>

TIMING-17#94 Warning
Non-clocked sequential cell  
The clock pin Inst_ZyboVIOSE_wrapper/Inst_ZyboVIO_SE/Inst_jtag_chainIO/fromPCReg_7/C is not reached by a timing clock
Related violations: <none>

TIMING-17#95 Warning
Non-clocked sequential cell  
The clock pin Inst_ZyboVIOSE_wrapper/Inst_ZyboVIO_SE/Inst_jtag_chainIO/fromPCReg_8/C is not reached by a timing clock
Related violations: <none>

TIMING-17#96 Warning
Non-clocked sequential cell  
The clock pin Inst_ZyboVIOSE_wrapper/Inst_ZyboVIO_SE/Inst_jtag_chainIO/fromPCReg_9/C is not reached by a timing clock
Related violations: <none>

TIMING-17#97 Warning
Non-clocked sequential cell  
The clock pin Inst_ZyboVIOSE_wrapper/Inst_ZyboVIO_SE/Inst_jtag_chainSerial/do_0/C is not reached by a timing clock
Related violations: <none>

TIMING-17#98 Warning
Non-clocked sequential cell  
The clock pin Inst_ZyboVIOSE_wrapper/Inst_ZyboVIO_SE/Inst_jtag_chainSerial/do_1/C is not reached by a timing clock
Related violations: <none>

TIMING-17#99 Warning
Non-clocked sequential cell  
The clock pin Inst_ZyboVIOSE_wrapper/Inst_ZyboVIO_SE/Inst_jtag_chainSerial/do_10/C is not reached by a timing clock
Related violations: <none>

TIMING-17#100 Warning
Non-clocked sequential cell  
The clock pin Inst_ZyboVIOSE_wrapper/Inst_ZyboVIO_SE/Inst_jtag_chainSerial/do_2/C is not reached by a timing clock
Related violations: <none>

TIMING-17#101 Warning
Non-clocked sequential cell  
The clock pin Inst_ZyboVIOSE_wrapper/Inst_ZyboVIO_SE/Inst_jtag_chainSerial/do_3/C is not reached by a timing clock
Related violations: <none>

TIMING-17#102 Warning
Non-clocked sequential cell  
The clock pin Inst_ZyboVIOSE_wrapper/Inst_ZyboVIO_SE/Inst_jtag_chainSerial/do_4/C is not reached by a timing clock
Related violations: <none>

TIMING-17#103 Warning
Non-clocked sequential cell  
The clock pin Inst_ZyboVIOSE_wrapper/Inst_ZyboVIO_SE/Inst_jtag_chainSerial/do_5/C is not reached by a timing clock
Related violations: <none>

TIMING-17#104 Warning
Non-clocked sequential cell  
The clock pin Inst_ZyboVIOSE_wrapper/Inst_ZyboVIO_SE/Inst_jtag_chainSerial/do_6/C is not reached by a timing clock
Related violations: <none>

TIMING-17#105 Warning
Non-clocked sequential cell  
The clock pin Inst_ZyboVIOSE_wrapper/Inst_ZyboVIO_SE/Inst_jtag_chainSerial/do_7/C is not reached by a timing clock
Related violations: <none>

TIMING-17#106 Warning
Non-clocked sequential cell  
The clock pin Inst_ZyboVIOSE_wrapper/Inst_ZyboVIO_SE/Inst_jtag_chainSerial/do_8/C is not reached by a timing clock
Related violations: <none>

TIMING-17#107 Warning
Non-clocked sequential cell  
The clock pin Inst_ZyboVIOSE_wrapper/Inst_ZyboVIO_SE/Inst_jtag_chainSerial/do_9/C is not reached by a timing clock
Related violations: <none>

TIMING-17#108 Warning
Non-clocked sequential cell  
The clock pin Inst_ZyboVIOSE_wrapper/Inst_ZyboVIO_SE/Inst_jtag_chainSerial/fromPCRegJtag_0/C is not reached by a timing clock
Related violations: <none>

TIMING-17#109 Warning
Non-clocked sequential cell  
The clock pin Inst_ZyboVIOSE_wrapper/Inst_ZyboVIO_SE/Inst_jtag_chainSerial/fromPCRegJtag_1/C is not reached by a timing clock
Related violations: <none>

TIMING-17#110 Warning
Non-clocked sequential cell  
The clock pin Inst_ZyboVIOSE_wrapper/Inst_ZyboVIO_SE/Inst_jtag_chainSerial/fromPCRegJtag_10/C is not reached by a timing clock
Related violations: <none>

TIMING-17#111 Warning
Non-clocked sequential cell  
The clock pin Inst_ZyboVIOSE_wrapper/Inst_ZyboVIO_SE/Inst_jtag_chainSerial/fromPCRegJtag_2/C is not reached by a timing clock
Related violations: <none>

TIMING-17#112 Warning
Non-clocked sequential cell  
The clock pin Inst_ZyboVIOSE_wrapper/Inst_ZyboVIO_SE/Inst_jtag_chainSerial/fromPCRegJtag_3/C is not reached by a timing clock
Related violations: <none>

TIMING-17#113 Warning
Non-clocked sequential cell  
The clock pin Inst_ZyboVIOSE_wrapper/Inst_ZyboVIO_SE/Inst_jtag_chainSerial/fromPCRegJtag_4/C is not reached by a timing clock
Related violations: <none>

TIMING-17#114 Warning
Non-clocked sequential cell  
The clock pin Inst_ZyboVIOSE_wrapper/Inst_ZyboVIO_SE/Inst_jtag_chainSerial/fromPCRegJtag_5/C is not reached by a timing clock
Related violations: <none>

TIMING-17#115 Warning
Non-clocked sequential cell  
The clock pin Inst_ZyboVIOSE_wrapper/Inst_ZyboVIO_SE/Inst_jtag_chainSerial/fromPCRegJtag_6/C is not reached by a timing clock
Related violations: <none>

TIMING-17#116 Warning
Non-clocked sequential cell  
The clock pin Inst_ZyboVIOSE_wrapper/Inst_ZyboVIO_SE/Inst_jtag_chainSerial/fromPCRegJtag_7/C is not reached by a timing clock
Related violations: <none>

TIMING-17#117 Warning
Non-clocked sequential cell  
The clock pin Inst_ZyboVIOSE_wrapper/Inst_ZyboVIO_SE/Inst_jtag_chainSerial/fromPCRegJtag_8/C is not reached by a timing clock
Related violations: <none>

TIMING-17#118 Warning
Non-clocked sequential cell  
The clock pin Inst_ZyboVIOSE_wrapper/Inst_ZyboVIO_SE/Inst_jtag_chainSerial/fromPCRegJtag_9/C is not reached by a timing clock
Related violations: <none>

TIMING-17#119 Warning
Non-clocked sequential cell  
The clock pin Inst_ZyboVIOSE_wrapper/Inst_ZyboVIO_SE/SSEG_0_7/C is not reached by a timing clock
Related violations: <none>

TIMING-17#120 Warning
Non-clocked sequential cell  
The clock pin Inst_ZyboVIOSE_wrapper/Inst_ZyboVIO_SE/SSEG_1_7/C is not reached by a timing clock
Related violations: <none>

TIMING-17#121 Warning
Non-clocked sequential cell  
The clock pin Inst_ZyboVIOSE_wrapper/Inst_ZyboVIO_SE/SSEG_2_7/C is not reached by a timing clock
Related violations: <none>

TIMING-17#122 Warning
Non-clocked sequential cell  
The clock pin Inst_ZyboVIOSE_wrapper/Inst_ZyboVIO_SE/SSEG_3_7/C is not reached by a timing clock
Related violations: <none>

TIMING-17#123 Warning
Non-clocked sequential cell  
The clock pin Inst_ZyboVIOSE_wrapper/Inst_ZyboVIO_SE/cnt_reg_0/C is not reached by a timing clock
Related violations: <none>

TIMING-17#124 Warning
Non-clocked sequential cell  
The clock pin Inst_ZyboVIOSE_wrapper/Inst_ZyboVIO_SE/cnt_reg_1/C is not reached by a timing clock
Related violations: <none>

TIMING-17#125 Warning
Non-clocked sequential cell  
The clock pin Inst_ZyboVIOSE_wrapper/Inst_ZyboVIO_SE/cnt_reg_10/C is not reached by a timing clock
Related violations: <none>

TIMING-17#126 Warning
Non-clocked sequential cell  
The clock pin Inst_ZyboVIOSE_wrapper/Inst_ZyboVIO_SE/cnt_reg_11/C is not reached by a timing clock
Related violations: <none>

TIMING-17#127 Warning
Non-clocked sequential cell  
The clock pin Inst_ZyboVIOSE_wrapper/Inst_ZyboVIO_SE/cnt_reg_12/C is not reached by a timing clock
Related violations: <none>

TIMING-17#128 Warning
Non-clocked sequential cell  
The clock pin Inst_ZyboVIOSE_wrapper/Inst_ZyboVIO_SE/cnt_reg_13/C is not reached by a timing clock
Related violations: <none>

TIMING-17#129 Warning
Non-clocked sequential cell  
The clock pin Inst_ZyboVIOSE_wrapper/Inst_ZyboVIO_SE/cnt_reg_14/C is not reached by a timing clock
Related violations: <none>

TIMING-17#130 Warning
Non-clocked sequential cell  
The clock pin Inst_ZyboVIOSE_wrapper/Inst_ZyboVIO_SE/cnt_reg_15/C is not reached by a timing clock
Related violations: <none>

TIMING-17#131 Warning
Non-clocked sequential cell  
The clock pin Inst_ZyboVIOSE_wrapper/Inst_ZyboVIO_SE/cnt_reg_16/C is not reached by a timing clock
Related violations: <none>

TIMING-17#132 Warning
Non-clocked sequential cell  
The clock pin Inst_ZyboVIOSE_wrapper/Inst_ZyboVIO_SE/cnt_reg_17/C is not reached by a timing clock
Related violations: <none>

TIMING-17#133 Warning
Non-clocked sequential cell  
The clock pin Inst_ZyboVIOSE_wrapper/Inst_ZyboVIO_SE/cnt_reg_18/C is not reached by a timing clock
Related violations: <none>

TIMING-17#134 Warning
Non-clocked sequential cell  
The clock pin Inst_ZyboVIOSE_wrapper/Inst_ZyboVIO_SE/cnt_reg_19/C is not reached by a timing clock
Related violations: <none>

TIMING-17#135 Warning
Non-clocked sequential cell  
The clock pin Inst_ZyboVIOSE_wrapper/Inst_ZyboVIO_SE/cnt_reg_2/C is not reached by a timing clock
Related violations: <none>

TIMING-17#136 Warning
Non-clocked sequential cell  
The clock pin Inst_ZyboVIOSE_wrapper/Inst_ZyboVIO_SE/cnt_reg_20/C is not reached by a timing clock
Related violations: <none>

TIMING-17#137 Warning
Non-clocked sequential cell  
The clock pin Inst_ZyboVIOSE_wrapper/Inst_ZyboVIO_SE/cnt_reg_3/C is not reached by a timing clock
Related violations: <none>

TIMING-17#138 Warning
Non-clocked sequential cell  
The clock pin Inst_ZyboVIOSE_wrapper/Inst_ZyboVIO_SE/cnt_reg_4/C is not reached by a timing clock
Related violations: <none>

TIMING-17#139 Warning
Non-clocked sequential cell  
The clock pin Inst_ZyboVIOSE_wrapper/Inst_ZyboVIO_SE/cnt_reg_5/C is not reached by a timing clock
Related violations: <none>

TIMING-17#140 Warning
Non-clocked sequential cell  
The clock pin Inst_ZyboVIOSE_wrapper/Inst_ZyboVIO_SE/cnt_reg_6/C is not reached by a timing clock
Related violations: <none>

TIMING-17#141 Warning
Non-clocked sequential cell  
The clock pin Inst_ZyboVIOSE_wrapper/Inst_ZyboVIO_SE/cnt_reg_7/C is not reached by a timing clock
Related violations: <none>

TIMING-17#142 Warning
Non-clocked sequential cell  
The clock pin Inst_ZyboVIOSE_wrapper/Inst_ZyboVIO_SE/cnt_reg_8/C is not reached by a timing clock
Related violations: <none>

TIMING-17#143 Warning
Non-clocked sequential cell  
The clock pin Inst_ZyboVIOSE_wrapper/Inst_ZyboVIO_SE/cnt_reg_9/C is not reached by a timing clock
Related violations: <none>

TIMING-17#144 Warning
Non-clocked sequential cell  
The clock pin Inst_ZyboVIOSE_wrapper/Inst_ZyboVIO_SE/fix1[7].inst_fix1/Mshreg_reg_2/CLK is not reached by a timing clock
Related violations: <none>

TIMING-17#145 Warning
Non-clocked sequential cell  
The clock pin Inst_ZyboVIOSE_wrapper/Inst_ZyboVIO_SE/fix1[7].inst_fix1/reg_2/C is not reached by a timing clock
Related violations: <none>

TIMING-17#146 Warning
Non-clocked sequential cell  
The clock pin Inst_ZyboVIOSE_wrapper/Inst_ZyboVIO_SE/fix2[0].inst_fix1/Mshreg_reg_2/CLK is not reached by a timing clock
Related violations: <none>

TIMING-17#147 Warning
Non-clocked sequential cell  
The clock pin Inst_ZyboVIOSE_wrapper/Inst_ZyboVIO_SE/fix2[0].inst_fix1/reg_2/C is not reached by a timing clock
Related violations: <none>

TIMING-17#148 Warning
Non-clocked sequential cell  
The clock pin Inst_ZyboVIOSE_wrapper/Inst_ZyboVIO_SE/fix2[1].inst_fix1/Mshreg_reg_2/CLK is not reached by a timing clock
Related violations: <none>

TIMING-17#149 Warning
Non-clocked sequential cell  
The clock pin Inst_ZyboVIOSE_wrapper/Inst_ZyboVIO_SE/fix2[1].inst_fix1/reg_2/C is not reached by a timing clock
Related violations: <none>

TIMING-17#150 Warning
Non-clocked sequential cell  
The clock pin Inst_ZyboVIOSE_wrapper/Inst_ZyboVIO_SE/fix2[2].inst_fix1/Mshreg_reg_2/CLK is not reached by a timing clock
Related violations: <none>

TIMING-17#151 Warning
Non-clocked sequential cell  
The clock pin Inst_ZyboVIOSE_wrapper/Inst_ZyboVIO_SE/fix2[2].inst_fix1/reg_2/C is not reached by a timing clock
Related violations: <none>

TIMING-17#152 Warning
Non-clocked sequential cell  
The clock pin Inst_ZyboVIOSE_wrapper/Inst_ZyboVIO_SE/fix2[3].inst_fix1/Mshreg_reg_2/CLK is not reached by a timing clock
Related violations: <none>

TIMING-17#153 Warning
Non-clocked sequential cell  
The clock pin Inst_ZyboVIOSE_wrapper/Inst_ZyboVIO_SE/fix2[3].inst_fix1/reg_2/C is not reached by a timing clock
Related violations: <none>

TIMING-17#154 Warning
Non-clocked sequential cell  
The clock pin Inst_ZyboVIOSE_wrapper/Inst_ZyboVIO_SE/gen_7seg_detect[0].Inst_sample_tick/Inst_edge_detect/delay_reg/C is not reached by a timing clock
Related violations: <none>

TIMING-17#155 Warning
Non-clocked sequential cell  
The clock pin Inst_ZyboVIOSE_wrapper/Inst_ZyboVIO_SE/gen_7seg_detect[0].Inst_sample_tick/Inst_timer/r_reg_0/C is not reached by a timing clock
Related violations: <none>

TIMING-17#156 Warning
Non-clocked sequential cell  
The clock pin Inst_ZyboVIOSE_wrapper/Inst_ZyboVIO_SE/gen_7seg_detect[0].Inst_sample_tick/Inst_timer/r_reg_1/C is not reached by a timing clock
Related violations: <none>

TIMING-17#157 Warning
Non-clocked sequential cell  
The clock pin Inst_ZyboVIOSE_wrapper/Inst_ZyboVIO_SE/gen_7seg_detect[0].Inst_sample_tick/Inst_timer/r_reg_10/C is not reached by a timing clock
Related violations: <none>

TIMING-17#158 Warning
Non-clocked sequential cell  
The clock pin Inst_ZyboVIOSE_wrapper/Inst_ZyboVIO_SE/gen_7seg_detect[0].Inst_sample_tick/Inst_timer/r_reg_11/C is not reached by a timing clock
Related violations: <none>

TIMING-17#159 Warning
Non-clocked sequential cell  
The clock pin Inst_ZyboVIOSE_wrapper/Inst_ZyboVIO_SE/gen_7seg_detect[0].Inst_sample_tick/Inst_timer/r_reg_12/C is not reached by a timing clock
Related violations: <none>

TIMING-17#160 Warning
Non-clocked sequential cell  
The clock pin Inst_ZyboVIOSE_wrapper/Inst_ZyboVIO_SE/gen_7seg_detect[0].Inst_sample_tick/Inst_timer/r_reg_13/C is not reached by a timing clock
Related violations: <none>

TIMING-17#161 Warning
Non-clocked sequential cell  
The clock pin Inst_ZyboVIOSE_wrapper/Inst_ZyboVIO_SE/gen_7seg_detect[0].Inst_sample_tick/Inst_timer/r_reg_14/C is not reached by a timing clock
Related violations: <none>

TIMING-17#162 Warning
Non-clocked sequential cell  
The clock pin Inst_ZyboVIOSE_wrapper/Inst_ZyboVIO_SE/gen_7seg_detect[0].Inst_sample_tick/Inst_timer/r_reg_15/C is not reached by a timing clock
Related violations: <none>

TIMING-17#163 Warning
Non-clocked sequential cell  
The clock pin Inst_ZyboVIOSE_wrapper/Inst_ZyboVIO_SE/gen_7seg_detect[0].Inst_sample_tick/Inst_timer/r_reg_16/C is not reached by a timing clock
Related violations: <none>

TIMING-17#164 Warning
Non-clocked sequential cell  
The clock pin Inst_ZyboVIOSE_wrapper/Inst_ZyboVIO_SE/gen_7seg_detect[0].Inst_sample_tick/Inst_timer/r_reg_2/C is not reached by a timing clock
Related violations: <none>

TIMING-17#165 Warning
Non-clocked sequential cell  
The clock pin Inst_ZyboVIOSE_wrapper/Inst_ZyboVIO_SE/gen_7seg_detect[0].Inst_sample_tick/Inst_timer/r_reg_3/C is not reached by a timing clock
Related violations: <none>

TIMING-17#166 Warning
Non-clocked sequential cell  
The clock pin Inst_ZyboVIOSE_wrapper/Inst_ZyboVIO_SE/gen_7seg_detect[0].Inst_sample_tick/Inst_timer/r_reg_4/C is not reached by a timing clock
Related violations: <none>

TIMING-17#167 Warning
Non-clocked sequential cell  
The clock pin Inst_ZyboVIOSE_wrapper/Inst_ZyboVIO_SE/gen_7seg_detect[0].Inst_sample_tick/Inst_timer/r_reg_5/C is not reached by a timing clock
Related violations: <none>

TIMING-17#168 Warning
Non-clocked sequential cell  
The clock pin Inst_ZyboVIOSE_wrapper/Inst_ZyboVIO_SE/gen_7seg_detect[0].Inst_sample_tick/Inst_timer/r_reg_6/C is not reached by a timing clock
Related violations: <none>

TIMING-17#169 Warning
Non-clocked sequential cell  
The clock pin Inst_ZyboVIOSE_wrapper/Inst_ZyboVIO_SE/gen_7seg_detect[0].Inst_sample_tick/Inst_timer/r_reg_7/C is not reached by a timing clock
Related violations: <none>

TIMING-17#170 Warning
Non-clocked sequential cell  
The clock pin Inst_ZyboVIOSE_wrapper/Inst_ZyboVIO_SE/gen_7seg_detect[0].Inst_sample_tick/Inst_timer/r_reg_8/C is not reached by a timing clock
Related violations: <none>

TIMING-17#171 Warning
Non-clocked sequential cell  
The clock pin Inst_ZyboVIOSE_wrapper/Inst_ZyboVIO_SE/gen_7seg_detect[0].Inst_sample_tick/Inst_timer/r_reg_9/C is not reached by a timing clock
Related violations: <none>

TIMING-17#172 Warning
Non-clocked sequential cell  
The clock pin Inst_ZyboVIOSE_wrapper/Inst_ZyboVIO_SE/gen_7seg_detect[0].Inst_sample_tick/got_edge_reg/C is not reached by a timing clock
Related violations: <none>

TIMING-17#173 Warning
Non-clocked sequential cell  
The clock pin Inst_ZyboVIOSE_wrapper/Inst_ZyboVIO_SE/gen_7seg_detect[1].Inst_sample_tick/Inst_edge_detect/delay_reg/C is not reached by a timing clock
Related violations: <none>

TIMING-17#174 Warning
Non-clocked sequential cell  
The clock pin Inst_ZyboVIOSE_wrapper/Inst_ZyboVIO_SE/gen_7seg_detect[1].Inst_sample_tick/Inst_timer/r_reg_0/C is not reached by a timing clock
Related violations: <none>

TIMING-17#175 Warning
Non-clocked sequential cell  
The clock pin Inst_ZyboVIOSE_wrapper/Inst_ZyboVIO_SE/gen_7seg_detect[1].Inst_sample_tick/Inst_timer/r_reg_1/C is not reached by a timing clock
Related violations: <none>

TIMING-17#176 Warning
Non-clocked sequential cell  
The clock pin Inst_ZyboVIOSE_wrapper/Inst_ZyboVIO_SE/gen_7seg_detect[1].Inst_sample_tick/Inst_timer/r_reg_10/C is not reached by a timing clock
Related violations: <none>

TIMING-17#177 Warning
Non-clocked sequential cell  
The clock pin Inst_ZyboVIOSE_wrapper/Inst_ZyboVIO_SE/gen_7seg_detect[1].Inst_sample_tick/Inst_timer/r_reg_11/C is not reached by a timing clock
Related violations: <none>

TIMING-17#178 Warning
Non-clocked sequential cell  
The clock pin Inst_ZyboVIOSE_wrapper/Inst_ZyboVIO_SE/gen_7seg_detect[1].Inst_sample_tick/Inst_timer/r_reg_12/C is not reached by a timing clock
Related violations: <none>

TIMING-17#179 Warning
Non-clocked sequential cell  
The clock pin Inst_ZyboVIOSE_wrapper/Inst_ZyboVIO_SE/gen_7seg_detect[1].Inst_sample_tick/Inst_timer/r_reg_13/C is not reached by a timing clock
Related violations: <none>

TIMING-17#180 Warning
Non-clocked sequential cell  
The clock pin Inst_ZyboVIOSE_wrapper/Inst_ZyboVIO_SE/gen_7seg_detect[1].Inst_sample_tick/Inst_timer/r_reg_14/C is not reached by a timing clock
Related violations: <none>

TIMING-17#181 Warning
Non-clocked sequential cell  
The clock pin Inst_ZyboVIOSE_wrapper/Inst_ZyboVIO_SE/gen_7seg_detect[1].Inst_sample_tick/Inst_timer/r_reg_15/C is not reached by a timing clock
Related violations: <none>

TIMING-17#182 Warning
Non-clocked sequential cell  
The clock pin Inst_ZyboVIOSE_wrapper/Inst_ZyboVIO_SE/gen_7seg_detect[1].Inst_sample_tick/Inst_timer/r_reg_16/C is not reached by a timing clock
Related violations: <none>

TIMING-17#183 Warning
Non-clocked sequential cell  
The clock pin Inst_ZyboVIOSE_wrapper/Inst_ZyboVIO_SE/gen_7seg_detect[1].Inst_sample_tick/Inst_timer/r_reg_2/C is not reached by a timing clock
Related violations: <none>

TIMING-17#184 Warning
Non-clocked sequential cell  
The clock pin Inst_ZyboVIOSE_wrapper/Inst_ZyboVIO_SE/gen_7seg_detect[1].Inst_sample_tick/Inst_timer/r_reg_3/C is not reached by a timing clock
Related violations: <none>

TIMING-17#185 Warning
Non-clocked sequential cell  
The clock pin Inst_ZyboVIOSE_wrapper/Inst_ZyboVIO_SE/gen_7seg_detect[1].Inst_sample_tick/Inst_timer/r_reg_4/C is not reached by a timing clock
Related violations: <none>

TIMING-17#186 Warning
Non-clocked sequential cell  
The clock pin Inst_ZyboVIOSE_wrapper/Inst_ZyboVIO_SE/gen_7seg_detect[1].Inst_sample_tick/Inst_timer/r_reg_5/C is not reached by a timing clock
Related violations: <none>

TIMING-17#187 Warning
Non-clocked sequential cell  
The clock pin Inst_ZyboVIOSE_wrapper/Inst_ZyboVIO_SE/gen_7seg_detect[1].Inst_sample_tick/Inst_timer/r_reg_6/C is not reached by a timing clock
Related violations: <none>

TIMING-17#188 Warning
Non-clocked sequential cell  
The clock pin Inst_ZyboVIOSE_wrapper/Inst_ZyboVIO_SE/gen_7seg_detect[1].Inst_sample_tick/Inst_timer/r_reg_7/C is not reached by a timing clock
Related violations: <none>

TIMING-17#189 Warning
Non-clocked sequential cell  
The clock pin Inst_ZyboVIOSE_wrapper/Inst_ZyboVIO_SE/gen_7seg_detect[1].Inst_sample_tick/Inst_timer/r_reg_8/C is not reached by a timing clock
Related violations: <none>

TIMING-17#190 Warning
Non-clocked sequential cell  
The clock pin Inst_ZyboVIOSE_wrapper/Inst_ZyboVIO_SE/gen_7seg_detect[1].Inst_sample_tick/Inst_timer/r_reg_9/C is not reached by a timing clock
Related violations: <none>

TIMING-17#191 Warning
Non-clocked sequential cell  
The clock pin Inst_ZyboVIOSE_wrapper/Inst_ZyboVIO_SE/gen_7seg_detect[1].Inst_sample_tick/got_edge_reg/C is not reached by a timing clock
Related violations: <none>

TIMING-17#192 Warning
Non-clocked sequential cell  
The clock pin Inst_ZyboVIOSE_wrapper/Inst_ZyboVIO_SE/gen_7seg_detect[2].Inst_sample_tick/Inst_edge_detect/delay_reg/C is not reached by a timing clock
Related violations: <none>

TIMING-17#193 Warning
Non-clocked sequential cell  
The clock pin Inst_ZyboVIOSE_wrapper/Inst_ZyboVIO_SE/gen_7seg_detect[2].Inst_sample_tick/Inst_timer/r_reg_0/C is not reached by a timing clock
Related violations: <none>

TIMING-17#194 Warning
Non-clocked sequential cell  
The clock pin Inst_ZyboVIOSE_wrapper/Inst_ZyboVIO_SE/gen_7seg_detect[2].Inst_sample_tick/Inst_timer/r_reg_1/C is not reached by a timing clock
Related violations: <none>

TIMING-17#195 Warning
Non-clocked sequential cell  
The clock pin Inst_ZyboVIOSE_wrapper/Inst_ZyboVIO_SE/gen_7seg_detect[2].Inst_sample_tick/Inst_timer/r_reg_10/C is not reached by a timing clock
Related violations: <none>

TIMING-17#196 Warning
Non-clocked sequential cell  
The clock pin Inst_ZyboVIOSE_wrapper/Inst_ZyboVIO_SE/gen_7seg_detect[2].Inst_sample_tick/Inst_timer/r_reg_11/C is not reached by a timing clock
Related violations: <none>

TIMING-17#197 Warning
Non-clocked sequential cell  
The clock pin Inst_ZyboVIOSE_wrapper/Inst_ZyboVIO_SE/gen_7seg_detect[2].Inst_sample_tick/Inst_timer/r_reg_12/C is not reached by a timing clock
Related violations: <none>

TIMING-17#198 Warning
Non-clocked sequential cell  
The clock pin Inst_ZyboVIOSE_wrapper/Inst_ZyboVIO_SE/gen_7seg_detect[2].Inst_sample_tick/Inst_timer/r_reg_13/C is not reached by a timing clock
Related violations: <none>

TIMING-17#199 Warning
Non-clocked sequential cell  
The clock pin Inst_ZyboVIOSE_wrapper/Inst_ZyboVIO_SE/gen_7seg_detect[2].Inst_sample_tick/Inst_timer/r_reg_14/C is not reached by a timing clock
Related violations: <none>

TIMING-17#200 Warning
Non-clocked sequential cell  
The clock pin Inst_ZyboVIOSE_wrapper/Inst_ZyboVIO_SE/gen_7seg_detect[2].Inst_sample_tick/Inst_timer/r_reg_15/C is not reached by a timing clock
Related violations: <none>

TIMING-17#201 Warning
Non-clocked sequential cell  
The clock pin Inst_ZyboVIOSE_wrapper/Inst_ZyboVIO_SE/gen_7seg_detect[2].Inst_sample_tick/Inst_timer/r_reg_16/C is not reached by a timing clock
Related violations: <none>

TIMING-17#202 Warning
Non-clocked sequential cell  
The clock pin Inst_ZyboVIOSE_wrapper/Inst_ZyboVIO_SE/gen_7seg_detect[2].Inst_sample_tick/Inst_timer/r_reg_2/C is not reached by a timing clock
Related violations: <none>

TIMING-17#203 Warning
Non-clocked sequential cell  
The clock pin Inst_ZyboVIOSE_wrapper/Inst_ZyboVIO_SE/gen_7seg_detect[2].Inst_sample_tick/Inst_timer/r_reg_3/C is not reached by a timing clock
Related violations: <none>

TIMING-17#204 Warning
Non-clocked sequential cell  
The clock pin Inst_ZyboVIOSE_wrapper/Inst_ZyboVIO_SE/gen_7seg_detect[2].Inst_sample_tick/Inst_timer/r_reg_4/C is not reached by a timing clock
Related violations: <none>

TIMING-17#205 Warning
Non-clocked sequential cell  
The clock pin Inst_ZyboVIOSE_wrapper/Inst_ZyboVIO_SE/gen_7seg_detect[2].Inst_sample_tick/Inst_timer/r_reg_5/C is not reached by a timing clock
Related violations: <none>

TIMING-17#206 Warning
Non-clocked sequential cell  
The clock pin Inst_ZyboVIOSE_wrapper/Inst_ZyboVIO_SE/gen_7seg_detect[2].Inst_sample_tick/Inst_timer/r_reg_6/C is not reached by a timing clock
Related violations: <none>

TIMING-17#207 Warning
Non-clocked sequential cell  
The clock pin Inst_ZyboVIOSE_wrapper/Inst_ZyboVIO_SE/gen_7seg_detect[2].Inst_sample_tick/Inst_timer/r_reg_7/C is not reached by a timing clock
Related violations: <none>

TIMING-17#208 Warning
Non-clocked sequential cell  
The clock pin Inst_ZyboVIOSE_wrapper/Inst_ZyboVIO_SE/gen_7seg_detect[2].Inst_sample_tick/Inst_timer/r_reg_8/C is not reached by a timing clock
Related violations: <none>

TIMING-17#209 Warning
Non-clocked sequential cell  
The clock pin Inst_ZyboVIOSE_wrapper/Inst_ZyboVIO_SE/gen_7seg_detect[2].Inst_sample_tick/Inst_timer/r_reg_9/C is not reached by a timing clock
Related violations: <none>

TIMING-17#210 Warning
Non-clocked sequential cell  
The clock pin Inst_ZyboVIOSE_wrapper/Inst_ZyboVIO_SE/gen_7seg_detect[2].Inst_sample_tick/got_edge_reg/C is not reached by a timing clock
Related violations: <none>

TIMING-17#211 Warning
Non-clocked sequential cell  
The clock pin Inst_ZyboVIOSE_wrapper/Inst_ZyboVIO_SE/gen_7seg_detect[3].Inst_sample_tick/Inst_edge_detect/delay_reg/C is not reached by a timing clock
Related violations: <none>

TIMING-17#212 Warning
Non-clocked sequential cell  
The clock pin Inst_ZyboVIOSE_wrapper/Inst_ZyboVIO_SE/gen_7seg_detect[3].Inst_sample_tick/Inst_timer/r_reg_0/C is not reached by a timing clock
Related violations: <none>

TIMING-17#213 Warning
Non-clocked sequential cell  
The clock pin Inst_ZyboVIOSE_wrapper/Inst_ZyboVIO_SE/gen_7seg_detect[3].Inst_sample_tick/Inst_timer/r_reg_1/C is not reached by a timing clock
Related violations: <none>

TIMING-17#214 Warning
Non-clocked sequential cell  
The clock pin Inst_ZyboVIOSE_wrapper/Inst_ZyboVIO_SE/gen_7seg_detect[3].Inst_sample_tick/Inst_timer/r_reg_10/C is not reached by a timing clock
Related violations: <none>

TIMING-17#215 Warning
Non-clocked sequential cell  
The clock pin Inst_ZyboVIOSE_wrapper/Inst_ZyboVIO_SE/gen_7seg_detect[3].Inst_sample_tick/Inst_timer/r_reg_11/C is not reached by a timing clock
Related violations: <none>

TIMING-17#216 Warning
Non-clocked sequential cell  
The clock pin Inst_ZyboVIOSE_wrapper/Inst_ZyboVIO_SE/gen_7seg_detect[3].Inst_sample_tick/Inst_timer/r_reg_12/C is not reached by a timing clock
Related violations: <none>

TIMING-17#217 Warning
Non-clocked sequential cell  
The clock pin Inst_ZyboVIOSE_wrapper/Inst_ZyboVIO_SE/gen_7seg_detect[3].Inst_sample_tick/Inst_timer/r_reg_13/C is not reached by a timing clock
Related violations: <none>

TIMING-17#218 Warning
Non-clocked sequential cell  
The clock pin Inst_ZyboVIOSE_wrapper/Inst_ZyboVIO_SE/gen_7seg_detect[3].Inst_sample_tick/Inst_timer/r_reg_14/C is not reached by a timing clock
Related violations: <none>

TIMING-17#219 Warning
Non-clocked sequential cell  
The clock pin Inst_ZyboVIOSE_wrapper/Inst_ZyboVIO_SE/gen_7seg_detect[3].Inst_sample_tick/Inst_timer/r_reg_15/C is not reached by a timing clock
Related violations: <none>

TIMING-17#220 Warning
Non-clocked sequential cell  
The clock pin Inst_ZyboVIOSE_wrapper/Inst_ZyboVIO_SE/gen_7seg_detect[3].Inst_sample_tick/Inst_timer/r_reg_16/C is not reached by a timing clock
Related violations: <none>

TIMING-17#221 Warning
Non-clocked sequential cell  
The clock pin Inst_ZyboVIOSE_wrapper/Inst_ZyboVIO_SE/gen_7seg_detect[3].Inst_sample_tick/Inst_timer/r_reg_2/C is not reached by a timing clock
Related violations: <none>

TIMING-17#222 Warning
Non-clocked sequential cell  
The clock pin Inst_ZyboVIOSE_wrapper/Inst_ZyboVIO_SE/gen_7seg_detect[3].Inst_sample_tick/Inst_timer/r_reg_3/C is not reached by a timing clock
Related violations: <none>

TIMING-17#223 Warning
Non-clocked sequential cell  
The clock pin Inst_ZyboVIOSE_wrapper/Inst_ZyboVIO_SE/gen_7seg_detect[3].Inst_sample_tick/Inst_timer/r_reg_4/C is not reached by a timing clock
Related violations: <none>

TIMING-17#224 Warning
Non-clocked sequential cell  
The clock pin Inst_ZyboVIOSE_wrapper/Inst_ZyboVIO_SE/gen_7seg_detect[3].Inst_sample_tick/Inst_timer/r_reg_5/C is not reached by a timing clock
Related violations: <none>

TIMING-17#225 Warning
Non-clocked sequential cell  
The clock pin Inst_ZyboVIOSE_wrapper/Inst_ZyboVIO_SE/gen_7seg_detect[3].Inst_sample_tick/Inst_timer/r_reg_6/C is not reached by a timing clock
Related violations: <none>

TIMING-17#226 Warning
Non-clocked sequential cell  
The clock pin Inst_ZyboVIOSE_wrapper/Inst_ZyboVIO_SE/gen_7seg_detect[3].Inst_sample_tick/Inst_timer/r_reg_7/C is not reached by a timing clock
Related violations: <none>

TIMING-17#227 Warning
Non-clocked sequential cell  
The clock pin Inst_ZyboVIOSE_wrapper/Inst_ZyboVIO_SE/gen_7seg_detect[3].Inst_sample_tick/Inst_timer/r_reg_8/C is not reached by a timing clock
Related violations: <none>

TIMING-17#228 Warning
Non-clocked sequential cell  
The clock pin Inst_ZyboVIOSE_wrapper/Inst_ZyboVIO_SE/gen_7seg_detect[3].Inst_sample_tick/Inst_timer/r_reg_9/C is not reached by a timing clock
Related violations: <none>

TIMING-17#229 Warning
Non-clocked sequential cell  
The clock pin Inst_ZyboVIOSE_wrapper/Inst_ZyboVIO_SE/gen_7seg_detect[3].Inst_sample_tick/got_edge_reg/C is not reached by a timing clock
Related violations: <none>


